<?xml version="1.0" encoding="UTF-8"?>
<testng-results ignored="0" total="1" passed="0" failed="1" skipped="0">
  <reporter-output>
  </reporter-output>
  <suite started-at="2023-07-13T15:12:34 IST" name="Default suite" finished-at="2023-07-13T15:12:49 IST" duration-ms="15275">
    <groups>
    </groups>
    <test started-at="2023-07-13T15:12:34 IST" name="Default test" finished-at="2023-07-13T15:12:49 IST" duration-ms="15275">
      <class name="SendingBodyObject.Post_ComplexJSONRequest">
        <test-method signature="PostRequest()[pri:0, instance:SendingBodyObject.Post_ComplexJSONRequest@4c1909a3]" started-at="2023-07-13T15:12:35 IST" name="PostRequest" finished-at="2023-07-13T15:12:49 IST" duration-ms="14589" status="FAIL">
          <exception class="java.lang.StackOverflowError">
            <full-stacktrace>
              <![CDATA[java.lang.StackOverflowError
at com.fasterxml.jackson.databind.util.internal.PrivateMaxEntriesMap.applyRead(PrivateMaxEntriesMap.java:432)
at com.fasterxml.jackson.databind.util.internal.PrivateMaxEntriesMap.drainReadBuffer(PrivateMaxEntriesMap.java:419)
at com.fasterxml.jackson.databind.util.internal.PrivateMaxEntriesMap.drainReadBuffers(PrivateMaxEntriesMap.java:402)
at com.fasterxml.jackson.databind.util.internal.PrivateMaxEntriesMap.drainBuffers(PrivateMaxEntriesMap.java:392)
at com.fasterxml.jackson.databind.util.internal.PrivateMaxEntriesMap.tryToDrainBuffers(PrivateMaxEntriesMap.java:381)
at com.fasterxml.jackson.databind.util.internal.PrivateMaxEntriesMap.drainOnReadIfNeeded(PrivateMaxEntriesMap.java:358)
at com.fasterxml.jackson.databind.util.internal.PrivateMaxEntriesMap.afterRead(PrivateMaxEntriesMap.java:315)
at com.fasterxml.jackson.databind.util.internal.PrivateMaxEntriesMap.get(PrivateMaxEntriesMap.java:622)
at com.fasterxml.jackson.databind.util.LRUMap.get(LRUMap.java:63)
at com.fasterxml.jackson.databind.ser.SerializerCache.untypedValueSerializer(SerializerCache.java:97)
at com.fasterxml.jackson.databind.SerializerProvider.findContentValueSerializer(SerializerProvider.java:785)
at com.fasterxml.jackson.databind.ser.impl.PropertySerializerMap.findAndAddSecondarySerializer(PropertySerializerMap.java:90)
at com.fasterxml.jackson.databind.ser.std.MapSerializer._findAndAddDynamic(MapSerializer.java:1143)
at com.fasterxml.jackson.databind.ser.std.MapSerializer._findSerializer(MapSerializer.java:1252)
at com.fasterxml.jackson.databind.ser.std.MapSerializer.serializeFields(MapSerializer.java:806)
at com.fasterxml.jackson.databind.ser.std.MapSerializer.serializeWithoutTypeInfo(MapSerializer.java:764)
at com.fasterxml.jackson.databind.ser.std.MapSerializer.serialize(MapSerializer.java:720)
at com.fasterxml.jackson.databind.ser.std.MapSerializer.serialize(MapSerializer.java:35)
at com.fasterxml.jackson.databind.ser.std.MapSerializer.serializeFields(MapSerializer.java:808)
at com.fasterxml.jackson.databind.ser.std.MapSerializer.serializeWithoutTypeInfo(MapSerializer.java:764)
at com.fasterxml.jackson.databind.ser.std.MapSerializer.serialize(MapSerializer.java:720)
at com.fasterxml.jackson.databind.ser.std.MapSerializer.serialize(MapSerializer.java:35)
at com.fasterxml.jackson.databind.ser.std.MapSerializer.serializeFields(MapSerializer.java:808)
at com.fasterxml.jackson.databind.ser.std.MapSerializer.serializeWithoutTypeInfo(MapSerializer.java:764)
at com.fasterxml.jackson.databind.ser.std.MapSerializer.serialize(MapSerializer.java:720)
at com.fasterxml.jackson.databind.ser.std.MapSerializer.serialize(MapSerializer.java:35)
at com.fasterxml.jackson.databind.ser.std.MapSerializer.serializeFields(MapSerializer.java:808)
at com.fasterxml.jackson.databind.ser.std.MapSerializer.serializeWithoutTypeInfo(MapSerializer.java:764)
at com.fasterxml.jackson.databind.ser.std.MapSerializer.serialize(MapSerializer.java:720)
at com.fasterxml.jackson.databind.ser.std.MapSerializer.serialize(MapSerializer.java:35)
at com.fasterxml.jackson.databind.ser.std.MapSerializer.serializeFields(MapSerializer.java:808)
at com.fasterxml.jackson.databind.ser.std.MapSerializer.serializeWithoutTypeInfo(MapSerializer.java:764)
at com.fasterxml.jackson.databind.ser.std.MapSerializer.serialize(MapSerializer.java:720)
at com.fasterxml.jackson.databind.ser.std.MapSerializer.serialize(MapSerializer.java:35)
at com.fasterxml.jackson.databind.ser.std.MapSerializer.serializeFields(MapSerializer.java:808)
at com.fasterxml.jackson.databind.ser.std.MapSerializer.serializeWithoutTypeInfo(MapSerializer.java:764)
at com.fasterxml.jackson.databind.ser.std.MapSerializer.serialize(MapSerializer.java:720)
at com.fasterxml.jackson.databind.ser.std.MapSerializer.serialize(MapSerializer.java:35)
at com.fasterxml.jackson.databind.ser.std.MapSerializer.serializeFields(MapSerializer.java:808)
at com.fasterxml.jackson.databind.ser.std.MapSerializer.serializeWithoutTypeInfo(MapSerializer.java:764)
at com.fasterxml.jackson.databind.ser.std.MapSerializer.serialize(MapSerializer.java:720)
at com.fasterxml.jackson.databind.ser.std.MapSerializer.serialize(MapSerializer.java:35)
at com.fasterxml.jackson.databind.ser.std.MapSerializer.serializeFields(MapSerializer.java:808)
at com.fasterxml.jackson.databind.ser.std.MapSerializer.serializeWithoutTypeInfo(MapSerializer.java:764)
at com.fasterxml.jackson.databind.ser.std.MapSerializer.serialize(MapSerializer.java:720)
at com.fasterxml.jackson.databind.ser.std.MapSerializer.serialize(MapSerializer.java:35)
at com.fasterxml.jackson.databind.ser.std.MapSerializer.serializeFields(MapSerializer.java:808)
at com.fasterxml.jackson.databind.ser.std.MapSerializer.serializeWithoutTypeInfo(MapSerializer.java:764)
at com.fasterxml.jackson.databind.ser.std.MapSerializer.serialize(MapSerializer.java:720)
at com.fasterxml.jackson.databind.ser.std.MapSerializer.serialize(MapSerializer.java:35)
at com.fasterxml.jackson.databind.ser.std.MapSerializer.serializeFields(MapSerializer.java:808)
at com.fasterxml.jackson.databind.ser.std.MapSerializer.serializeWithoutTypeInfo(MapSerializer.java:764)
at com.fasterxml.jackson.databind.ser.std.MapSerializer.serialize(MapSerializer.java:720)
at com.fasterxml.jackson.databind.ser.std.MapSerializer.serialize(MapSerializer.java:35)
at com.fasterxml.jackson.databind.ser.std.MapSerializer.serializeFields(MapSerializer.java:808)
at com.fasterxml.jackson.databind.ser.std.MapSerializer.serializeWithoutTypeInfo(MapSerializer.java:764)
at com.fasterxml.jackson.databind.ser.std.MapSerializer.serialize(MapSerializer.java:720)
at com.fasterxml.jackson.databind.ser.std.MapSerializer.serialize(MapSerializer.java:35)
at com.fasterxml.jackson.databind.ser.std.MapSerializer.serializeFields(MapSerializer.java:808)
at com.fasterxml.jackson.databind.ser.std.MapSerializer.serializeWithoutTypeInfo(MapSerializer.java:764)
at com.fasterxml.jackson.databind.ser.std.MapSerializer.serialize(MapSerializer.java:720)
at com.fasterxml.jackson.databind.ser.std.MapSerializer.serialize(MapSerializer.java:35)
at com.fasterxml.jackson.databind.ser.std.MapSerializer.serializeFields(MapSerializer.java:808)
at com.fasterxml.jackson.databind.ser.std.MapSerializer.serializeWithoutTypeInfo(MapSerializer.java:764)
at com.fasterxml.jackson.databind.ser.std.MapSerializer.serialize(MapSerializer.java:720)
at com.fasterxml.jackson.databind.ser.std.MapSerializer.serialize(MapSerializer.java:35)
at com.fasterxml.jackson.databind.ser.std.MapSerializer.serializeFields(MapSerializer.java:808)
at com.fasterxml.jackson.databind.ser.std.MapSerializer.serializeWithoutTypeInfo(MapSerializer.java:764)
at com.fasterxml.jackson.databind.ser.std.MapSerializer.serialize(MapSerializer.java:720)
at com.fasterxml.jackson.databind.ser.std.MapSerializer.serialize(MapSerializer.java:35)
at com.fasterxml.jackson.databind.ser.std.MapSerializer.serializeFields(MapSerializer.java:808)
at com.fasterxml.jackson.databind.ser.std.MapSerializer.serializeWithoutTypeInfo(MapSerializer.java:764)
at com.fasterxml.jackson.databind.ser.std.MapSerializer.serialize(MapSerializer.java:720)
at com.fasterxml.jackson.databind.ser.std.MapSerializer.serialize(MapSerializer.java:35)
at com.fasterxml.jackson.databind.ser.std.MapSerializer.serializeFields(MapSerializer.java:808)
at com.fasterxml.jackson.databind.ser.std.MapSerializer.serializeWithoutTypeInfo(MapSerializer.java:764)
at com.fasterxml.jackson.databind.ser.std.MapSerializer.serialize(MapSerializer.java:720)
at com.fasterxml.jackson.databind.ser.std.MapSerializer.serialize(MapSerializer.java:35)
at com.fasterxml.jackson.databind.ser.std.MapSerializer.serializeFields(MapSerializer.java:808)
at com.fasterxml.jackson.databind.ser.std.MapSerializer.serializeWithoutTypeInfo(MapSerializer.java:764)
at com.fasterxml.jackson.databind.ser.std.MapSerializer.serialize(MapSerializer.java:720)
at com.fasterxml.jackson.databind.ser.std.MapSerializer.serialize(MapSerializer.java:35)
at com.fasterxml.jackson.databind.ser.std.MapSerializer.serializeFields(MapSerializer.java:808)
at com.fasterxml.jackson.databind.ser.std.MapSerializer.serializeWithoutTypeInfo(MapSerializer.java:764)
at com.fasterxml.jackson.databind.ser.std.MapSerializer.serialize(MapSerializer.java:720)
at com.fasterxml.jackson.databind.ser.std.MapSerializer.serialize(MapSerializer.java:35)
at com.fasterxml.jackson.databind.ser.std.MapSerializer.serializeFields(MapSerializer.java:808)
at com.fasterxml.jackson.databind.ser.std.MapSerializer.serializeWithoutTypeInfo(MapSerializer.java:764)
at com.fasterxml.jackson.databind.ser.std.MapSerializer.serialize(MapSerializer.java:720)
at com.fasterxml.jackson.databind.ser.std.MapSerializer.serialize(MapSerializer.java:35)
at com.fasterxml.jackson.databind.ser.std.MapSerializer.serializeFields(MapSerializer.java:808)
at com.fasterxml.jackson.databind.ser.std.MapSerializer.serializeWithoutTypeInfo(MapSerializer.java:764)
at com.fasterxml.jackson.databind.ser.std.MapSerializer.serialize(MapSerializer.java:720)
at com.fasterxml.jackson.databind.ser.std.MapSerializer.serialize(MapSerializer.java:35)
at com.fasterxml.jackson.databind.ser.std.MapSerializer.serializeFields(MapSerializer.java:808)
at com.fasterxml.jackson.databind.ser.std.MapSerializer.serializeWithoutTypeInfo(MapSerializer.java:764)
at com.fasterxml.jackson.databind.ser.std.MapSerializer.serialize(MapSerializer.java:720)
at com.fasterxml.jackson.databind.ser.std.MapSerializer.serialize(MapSerializer.java:35)
at com.fasterxml.jackson.databind.ser.std.MapSerializer.serializeFields(MapSerializer.java:808)
at com.fasterxml.jackson.databind.ser.std.MapSerializer.serializeWithoutTypeInfo(MapSerializer.java:764)
at com.fasterxml.jackson.databind.ser.std.MapSerializer.serialize(MapSerializer.java:720)
at com.fasterxml.jackson.databind.ser.std.MapSerializer.serialize(MapSerializer.java:35)
at com.fasterxml.jackson.databind.ser.std.MapSerializer.serializeFields(MapSerializer.java:808)
at com.fasterxml.jackson.databind.ser.std.MapSerializer.serializeWithoutTypeInfo(MapSerializer.java:764)
at com.fasterxml.jackson.databind.ser.std.MapSerializer.serialize(MapSerializer.java:720)
at com.fasterxml.jackson.databind.ser.std.MapSerializer.serialize(MapSerializer.java:35)
at com.fasterxml.jackson.databind.ser.std.MapSerializer.serializeFields(MapSerializer.java:808)
at com.fasterxml.jackson.databind.ser.std.MapSerializer.serializeWithoutTypeInfo(MapSerializer.java:764)
at com.fasterxml.jackson.databind.ser.std.MapSerializer.serialize(MapSerializer.java:720)
at com.fasterxml.jackson.databind.ser.std.MapSerializer.serialize(MapSerializer.java:35)
at com.fasterxml.jackson.databind.ser.std.MapSerializer.serializeFields(MapSerializer.java:808)
at com.fasterxml.jackson.databind.ser.std.MapSerializer.serializeWithoutTypeInfo(MapSerializer.java:764)
at com.fasterxml.jackson.databind.ser.std.MapSerializer.serialize(MapSerializer.java:720)
at com.fasterxml.jackson.databind.ser.std.MapSerializer.serialize(MapSerializer.java:35)
at com.fasterxml.jackson.databind.ser.std.MapSerializer.serializeFields(MapSerializer.java:808)
at com.fasterxml.jackson.databind.ser.std.MapSerializer.serializeWithoutTypeInfo(MapSerializer.java:764)
at com.fasterxml.jackson.databind.ser.std.MapSerializer.serialize(MapSerializer.java:720)
at com.fasterxml.jackson.databind.ser.std.MapSerializer.serialize(MapSerializer.java:35)
at com.fasterxml.jackson.databind.ser.std.MapSerializer.serializeFields(MapSerializer.java:808)
at com.fasterxml.jackson.databind.ser.std.MapSerializer.serializeWithoutTypeInfo(MapSerializer.java:764)
at com.fasterxml.jackson.databind.ser.std.MapSerializer.serialize(MapSerializer.java:720)
at com.fasterxml.jackson.databind.ser.std.MapSerializer.serialize(MapSerializer.java:35)
at com.fasterxml.jackson.databind.ser.std.MapSerializer.serializeFields(MapSerializer.java:808)
at com.fasterxml.jackson.databind.ser.std.MapSerializer.serializeWithoutTypeInfo(MapSerializer.java:764)
at com.fasterxml.jackson.databind.ser.std.MapSerializer.serialize(MapSerializer.java:720)
at com.fasterxml.jackson.databind.ser.std.MapSerializer.serialize(MapSerializer.java:35)
at com.fasterxml.jackson.databind.ser.std.MapSerializer.serializeFields(MapSerializer.java:808)
at com.fasterxml.jackson.databind.ser.std.MapSerializer.serializeWithoutTypeInfo(MapSerializer.java:764)
at com.fasterxml.jackson.databind.ser.std.MapSerializer.serialize(MapSerializer.java:720)
at com.fasterxml.jackson.databind.ser.std.MapSerializer.serialize(MapSerializer.java:35)
at com.fasterxml.jackson.databind.ser.std.MapSerializer.serializeFields(MapSerializer.java:808)
at com.fasterxml.jackson.databind.ser.std.MapSerializer.serializeWithoutTypeInfo(MapSerializer.java:764)
at com.fasterxml.jackson.databind.ser.std.MapSerializer.serialize(MapSerializer.java:720)
at com.fasterxml.jackson.databind.ser.std.MapSerializer.serialize(MapSerializer.java:35)
at com.fasterxml.jackson.databind.ser.std.MapSerializer.serializeFields(MapSerializer.java:808)
at com.fasterxml.jackson.databind.ser.std.MapSerializer.serializeWithoutTypeInfo(MapSerializer.java:764)
at com.fasterxml.jackson.databind.ser.std.MapSerializer.serialize(MapSerializer.java:720)
at com.fasterxml.jackson.databind.ser.std.MapSerializer.serialize(MapSerializer.java:35)
at com.fasterxml.jackson.databind.ser.std.MapSerializer.serializeFields(MapSerializer.java:808)
at com.fasterxml.jackson.databind.ser.std.MapSerializer.serializeWithoutTypeInfo(MapSerializer.java:764)
at com.fasterxml.jackson.databind.ser.std.MapSerializer.serialize(MapSerializer.java:720)
at com.fasterxml.jackson.databind.ser.std.MapSerializer.serialize(MapSerializer.java:35)
at com.fasterxml.jackson.databind.ser.std.MapSerializer.serializeFields(MapSerializer.java:808)
at com.fasterxml.jackson.databind.ser.std.MapSerializer.serializeWithoutTypeInfo(MapSerializer.java:764)
at com.fasterxml.jackson.databind.ser.std.MapSerializer.serialize(MapSerializer.java:720)
at com.fasterxml.jackson.databind.ser.std.MapSerializer.serialize(MapSerializer.java:35)
at com.fasterxml.jackson.databind.ser.std.MapSerializer.serializeFields(MapSerializer.java:808)
at com.fasterxml.jackson.databind.ser.std.MapSerializer.serializeWithoutTypeInfo(MapSerializer.java:764)
at com.fasterxml.jackson.databind.ser.std.MapSerializer.serialize(MapSerializer.java:720)
at com.fasterxml.jackson.databind.ser.std.MapSerializer.serialize(MapSerializer.java:35)
at com.fasterxml.jackson.databind.ser.std.MapSerializer.serializeFields(MapSerializer.java:808)
at com.fasterxml.jackson.databind.ser.std.MapSerializer.serializeWithoutTypeInfo(MapSerializer.java:764)
at com.fasterxml.jackson.databind.ser.std.MapSerializer.serialize(MapSerializer.java:720)
at com.fasterxml.jackson.databind.ser.std.MapSerializer.serialize(MapSerializer.java:35)
at com.fasterxml.jackson.databind.ser.std.MapSerializer.serializeFields(MapSerializer.java:808)
at com.fasterxml.jackson.databind.ser.std.MapSerializer.serializeWithoutTypeInfo(MapSerializer.java:764)
at com.fasterxml.jackson.databind.ser.std.MapSerializer.serialize(MapSerializer.java:720)
at com.fasterxml.jackson.databind.ser.std.MapSerializer.serialize(MapSerializer.java:35)
at com.fasterxml.jackson.databind.ser.std.MapSerializer.serializeFields(MapSerializer.java:808)
at com.fasterxml.jackson.databind.ser.std.MapSerializer.serializeWithoutTypeInfo(MapSerializer.java:764)
at com.fasterxml.jackson.databind.ser.std.MapSerializer.serialize(MapSerializer.java:720)
at com.fasterxml.jackson.databind.ser.std.MapSerializer.serialize(MapSerializer.java:35)
at com.fasterxml.jackson.databind.ser.std.MapSerializer.serializeFields(MapSerializer.java:808)
at com.fasterxml.jackson.databind.ser.std.MapSerializer.serializeWithoutTypeInfo(MapSerializer.java:764)
at com.fasterxml.jackson.databind.ser.std.MapSerializer.serialize(MapSerializer.java:720)
at com.fasterxml.jackson.databind.ser.std.MapSerializer.serialize(MapSerializer.java:35)
at com.fasterxml.jackson.databind.ser.std.MapSerializer.serializeFields(MapSerializer.java:808)
at com.fasterxml.jackson.databind.ser.std.MapSerializer.serializeWithoutTypeInfo(MapSerializer.java:764)
at com.fasterxml.jackson.databind.ser.std.MapSerializer.serialize(MapSerializer.java:720)
at com.fasterxml.jackson.databind.ser.std.MapSerializer.serialize(MapSerializer.java:35)
at com.fasterxml.jackson.databind.ser.std.MapSerializer.serializeFields(MapSerializer.java:808)
at com.fasterxml.jackson.databind.ser.std.MapSerializer.serializeWithoutTypeInfo(MapSerializer.java:764)
at com.fasterxml.jackson.databind.ser.std.MapSerializer.serialize(MapSerializer.java:720)
at com.fasterxml.jackson.databind.ser.std.MapSerializer.serialize(MapSerializer.java:35)
at com.fasterxml.jackson.databind.ser.std.MapSerializer.serializeFields(MapSerializer.java:808)
at com.fasterxml.jackson.databind.ser.std.MapSerializer.serializeWithoutTypeInfo(MapSerializer.java:764)
at com.fasterxml.jackson.databind.ser.std.MapSerializer.serialize(MapSerializer.java:720)
at com.fasterxml.jackson.databind.ser.std.MapSerializer.serialize(MapSerializer.java:35)
at com.fasterxml.jackson.databind.ser.std.MapSerializer.serializeFields(MapSerializer.java:808)
at com.fasterxml.jackson.databind.ser.std.MapSerializer.serializeWithoutTypeInfo(MapSerializer.java:764)
at com.fasterxml.jackson.databind.ser.std.MapSerializer.serialize(MapSerializer.java:720)
at com.fasterxml.jackson.databind.ser.std.MapSerializer.serialize(MapSerializer.java:35)
at com.fasterxml.jackson.databind.ser.std.MapSerializer.serializeFields(MapSerializer.java:808)
at com.fasterxml.jackson.databind.ser.std.MapSerializer.serializeWithoutTypeInfo(MapSerializer.java:764)
at com.fasterxml.jackson.databind.ser.std.MapSerializer.serialize(MapSerializer.java:720)
at com.fasterxml.jackson.databind.ser.std.MapSerializer.serialize(MapSerializer.java:35)
at com.fasterxml.jackson.databind.ser.std.MapSerializer.serializeFields(MapSerializer.java:808)
at com.fasterxml.jackson.databind.ser.std.MapSerializer.serializeWithoutTypeInfo(MapSerializer.java:764)
at com.fasterxml.jackson.databind.ser.std.MapSerializer.serialize(MapSerializer.java:720)
at com.fasterxml.jackson.databind.ser.std.MapSerializer.serialize(MapSerializer.java:35)
at com.fasterxml.jackson.databind.ser.std.MapSerializer.serializeFields(MapSerializer.java:808)
at com.fasterxml.jackson.databind.ser.std.MapSerializer.serializeWithoutTypeInfo(MapSerializer.java:764)
at com.fasterxml.jackson.databind.ser.std.MapSerializer.serialize(MapSerializer.java:720)
at com.fasterxml.jackson.databind.ser.std.MapSerializer.serialize(MapSerializer.java:35)
at com.fasterxml.jackson.databind.ser.std.MapSerializer.serializeFields(MapSerializer.java:808)
at com.fasterxml.jackson.databind.ser.std.MapSerializer.serializeWithoutTypeInfo(MapSerializer.java:764)
at com.fasterxml.jackson.databind.ser.std.MapSerializer.serialize(MapSerializer.java:720)
at com.fasterxml.jackson.databind.ser.std.MapSerializer.serialize(MapSerializer.java:35)
at com.fasterxml.jackson.databind.ser.std.MapSerializer.serializeFields(MapSerializer.java:808)
at com.fasterxml.jackson.databind.ser.std.MapSerializer.serializeWithoutTypeInfo(MapSerializer.java:764)
at com.fasterxml.jackson.databind.ser.std.MapSerializer.serialize(MapSerializer.java:720)
at com.fasterxml.jackson.databind.ser.std.MapSerializer.serialize(MapSerializer.java:35)
at com.fasterxml.jackson.databind.ser.std.MapSerializer.serializeFields(MapSerializer.java:808)
at com.fasterxml.jackson.databind.ser.std.MapSerializer.serializeWithoutTypeInfo(MapSerializer.java:764)
at com.fasterxml.jackson.databind.ser.std.MapSerializer.serialize(MapSerializer.java:720)
at com.fasterxml.jackson.databind.ser.std.MapSerializer.serialize(MapSerializer.java:35)
at com.fasterxml.jackson.databind.ser.std.MapSerializer.serializeFields(MapSerializer.java:808)
at com.fasterxml.jackson.databind.ser.std.MapSerializer.serializeWithoutTypeInfo(MapSerializer.java:764)
at com.fasterxml.jackson.databind.ser.std.MapSerializer.serialize(MapSerializer.java:720)
at com.fasterxml.jackson.databind.ser.std.MapSerializer.serialize(MapSerializer.java:35)
at com.fasterxml.jackson.databind.ser.std.MapSerializer.serializeFields(MapSerializer.java:808)
at com.fasterxml.jackson.databind.ser.std.MapSerializer.serializeWithoutTypeInfo(MapSerializer.java:764)
at com.fasterxml.jackson.databind.ser.std.MapSerializer.serialize(MapSerializer.java:720)
at com.fasterxml.jackson.databind.ser.std.MapSerializer.serialize(MapSerializer.java:35)
at com.fasterxml.jackson.databind.ser.std.MapSerializer.serializeFields(MapSerializer.java:808)
at com.fasterxml.jackson.databind.ser.std.MapSerializer.serializeWithoutTypeInfo(MapSerializer.java:764)
at com.fasterxml.jackson.databind.ser.std.MapSerializer.serialize(MapSerializer.java:720)
at com.fasterxml.jackson.databind.ser.std.MapSerializer.serialize(MapSerializer.java:35)
at com.fasterxml.jackson.databind.ser.std.MapSerializer.serializeFields(MapSerializer.java:808)
at com.fasterxml.jackson.databind.ser.std.MapSerializer.serializeWithoutTypeInfo(MapSerializer.java:764)
at com.fasterxml.jackson.databind.ser.std.MapSerializer.serialize(MapSerializer.java:720)
at com.fasterxml.jackson.databind.ser.std.MapSerializer.serialize(MapSerializer.java:35)
at com.fasterxml.jackson.databind.ser.std.MapSerializer.serializeFields(MapSerializer.java:808)
at com.fasterxml.jackson.databind.ser.std.MapSerializer.serializeWithoutTypeInfo(MapSerializer.java:764)
at com.fasterxml.jackson.databind.ser.std.MapSerializer.serialize(MapSerializer.java:720)
at com.fasterxml.jackson.databind.ser.std.MapSerializer.serialize(MapSerializer.java:35)
at com.fasterxml.jackson.databind.ser.std.MapSerializer.serializeFields(MapSerializer.java:808)
at com.fasterxml.jackson.databind.ser.std.MapSerializer.serializeWithoutTypeInfo(MapSerializer.java:764)
at com.fasterxml.jackson.databind.ser.std.MapSerializer.serialize(MapSerializer.java:720)
at com.fasterxml.jackson.databind.ser.std.MapSerializer.serialize(MapSerializer.java:35)
at com.fasterxml.jackson.databind.ser.std.MapSerializer.serializeFields(MapSerializer.java:808)
at com.fasterxml.jackson.databind.ser.std.MapSerializer.serializeWithoutTypeInfo(MapSerializer.java:764)
at com.fasterxml.jackson.databind.ser.std.MapSerializer.serialize(MapSerializer.java:720)
at com.fasterxml.jackson.databind.ser.std.MapSerializer.serialize(MapSerializer.java:35)
at com.fasterxml.jackson.databind.ser.std.MapSerializer.serializeFields(MapSerializer.java:808)
at com.fasterxml.jackson.databind.ser.std.MapSerializer.serializeWithoutTypeInfo(MapSerializer.java:764)
at com.fasterxml.jackson.databind.ser.std.MapSerializer.serialize(MapSerializer.java:720)
at com.fasterxml.jackson.databind.ser.std.MapSerializer.serialize(MapSerializer.java:35)
at com.fasterxml.jackson.databind.ser.std.MapSerializer.serializeFields(MapSerializer.java:808)
at com.fasterxml.jackson.databind.ser.std.MapSerializer.serializeWithoutTypeInfo(MapSerializer.java:764)
at com.fasterxml.jackson.databind.ser.std.MapSerializer.serialize(MapSerializer.java:720)
at com.fasterxml.jackson.databind.ser.std.MapSerializer.serialize(MapSerializer.java:35)
at com.fasterxml.jackson.databind.ser.std.MapSerializer.serializeFields(MapSerializer.java:808)
at com.fasterxml.jackson.databind.ser.std.MapSerializer.serializeWithoutTypeInfo(MapSerializer.java:764)
at com.fasterxml.jackson.databind.ser.std.MapSerializer.serialize(MapSerializer.java:720)
at com.fasterxml.jackson.databind.ser.std.MapSerializer.serialize(MapSerializer.java:35)
at com.fasterxml.jackson.databind.ser.std.MapSerializer.serializeFields(MapSerializer.java:808)
at com.fasterxml.jackson.databind.ser.std.MapSerializer.serializeWithoutTypeInfo(MapSerializer.java:764)
at com.fasterxml.jackson.databind.ser.std.MapSerializer.serialize(MapSerializer.java:720)
at com.fasterxml.jackson.databind.ser.std.MapSerializer.serialize(MapSerializer.java:35)
at com.fasterxml.jackson.databind.ser.std.MapSerializer.serializeFields(MapSerializer.java:808)
at com.fasterxml.jackson.databind.ser.std.MapSerializer.serializeWithoutTypeInfo(MapSerializer.java:764)
at com.fasterxml.jackson.databind.ser.std.MapSerializer.serialize(MapSerializer.java:720)
at com.fasterxml.jackson.databind.ser.std.MapSerializer.serialize(MapSerializer.java:35)
at com.fasterxml.jackson.databind.ser.std.MapSerializer.serializeFields(MapSerializer.java:808)
at com.fasterxml.jackson.databind.ser.std.MapSerializer.serializeWithoutTypeInfo(MapSerializer.java:764)
at com.fasterxml.jackson.databind.ser.std.MapSerializer.serialize(MapSerializer.java:720)
at com.fasterxml.jackson.databind.ser.std.MapSerializer.serialize(MapSerializer.java:35)
at com.fasterxml.jackson.databind.ser.std.MapSerializer.serializeFields(MapSerializer.java:808)
at com.fasterxml.jackson.databind.ser.std.MapSerializer.serializeWithoutTypeInfo(MapSerializer.java:764)
at com.fasterxml.jackson.databind.ser.std.MapSerializer.serialize(MapSerializer.java:720)
at com.fasterxml.jackson.databind.ser.std.MapSerializer.serialize(MapSerializer.java:35)
at com.fasterxml.jackson.databind.ser.std.MapSerializer.serializeFields(MapSerializer.java:808)
at com.fasterxml.jackson.databind.ser.std.MapSerializer.serializeWithoutTypeInfo(MapSerializer.java:764)
at com.fasterxml.jackson.databind.ser.std.MapSerializer.serialize(MapSerializer.java:720)
at com.fasterxml.jackson.databind.ser.std.MapSerializer.serialize(MapSerializer.java:35)
at com.fasterxml.jackson.databind.ser.std.MapSerializer.serializeFields(MapSerializer.java:808)
at com.fasterxml.jackson.databind.ser.std.MapSerializer.serializeWithoutTypeInfo(MapSerializer.java:764)
at com.fasterxml.jackson.databind.ser.std.MapSerializer.serialize(MapSerializer.java:720)
at com.fasterxml.jackson.databind.ser.std.MapSerializer.serialize(MapSerializer.java:35)
at com.fasterxml.jackson.databind.ser.std.MapSerializer.serializeFields(MapSerializer.java:808)
at com.fasterxml.jackson.databind.ser.std.MapSerializer.serializeWithoutTypeInfo(MapSerializer.java:764)
at com.fasterxml.jackson.databind.ser.std.MapSerializer.serialize(MapSerializer.java:720)
at com.fasterxml.jackson.databind.ser.std.MapSerializer.serialize(MapSerializer.java:35)
at com.fasterxml.jackson.databind.ser.std.MapSerializer.serializeFields(MapSerializer.java:808)
at com.fasterxml.jackson.databind.ser.std.MapSerializer.serializeWithoutTypeInfo(MapSerializer.java:764)
at com.fasterxml.jackson.databind.ser.std.MapSerializer.serialize(MapSerializer.java:720)
at com.fasterxml.jackson.databind.ser.std.MapSerializer.serialize(MapSerializer.java:35)
at com.fasterxml.jackson.databind.ser.std.MapSerializer.serializeFields(MapSerializer.java:808)
at com.fasterxml.jackson.databind.ser.std.MapSerializer.serializeWithoutTypeInfo(MapSerializer.java:764)
at com.fasterxml.jackson.databind.ser.std.MapSerializer.serialize(MapSerializer.java:720)
at com.fasterxml.jackson.databind.ser.std.MapSerializer.serialize(MapSerializer.java:35)
at com.fasterxml.jackson.databind.ser.std.MapSerializer.serializeFields(MapSerializer.java:808)
at com.fasterxml.jackson.databind.ser.std.MapSerializer.serializeWithoutTypeInfo(MapSerializer.java:764)
at com.fasterxml.jackson.databind.ser.std.MapSerializer.serialize(MapSerializer.java:720)
at com.fasterxml.jackson.databind.ser.std.MapSerializer.serialize(MapSerializer.java:35)
at com.fasterxml.jackson.databind.ser.std.MapSerializer.serializeFields(MapSerializer.java:808)
at com.fasterxml.jackson.databind.ser.std.MapSerializer.serializeWithoutTypeInfo(MapSerializer.java:764)
at com.fasterxml.jackson.databind.ser.std.MapSerializer.serialize(MapSerializer.java:720)
at com.fasterxml.jackson.databind.ser.std.MapSerializer.serialize(MapSerializer.java:35)
at com.fasterxml.jackson.databind.ser.std.MapSerializer.serializeFields(MapSerializer.java:808)
at com.fasterxml.jackson.databind.ser.std.MapSerializer.serializeWithoutTypeInfo(MapSerializer.java:764)
at com.fasterxml.jackson.databind.ser.std.MapSerializer.serialize(MapSerializer.java:720)
at com.fasterxml.jackson.databind.ser.std.MapSerializer.serialize(MapSerializer.java:35)
at com.fasterxml.jackson.databind.ser.std.MapSerializer.serializeFields(MapSerializer.java:808)
at com.fasterxml.jackson.databind.ser.std.MapSerializer.serializeWithoutTypeInfo(MapSerializer.java:764)
at com.fasterxml.jackson.databind.ser.std.MapSerializer.serialize(MapSerializer.java:720)
at com.fasterxml.jackson.databind.ser.std.MapSerializer.serialize(MapSerializer.java:35)
at com.fasterxml.jackson.databind.ser.std.MapSerializer.serializeFields(MapSerializer.java:808)
at com.fasterxml.jackson.databind.ser.std.MapSerializer.serializeWithoutTypeInfo(MapSerializer.java:764)
at com.fasterxml.jackson.databind.ser.std.MapSerializer.serialize(MapSerializer.java:720)
at com.fasterxml.jackson.databind.ser.std.MapSerializer.serialize(MapSerializer.java:35)
at com.fasterxml.jackson.databind.ser.std.MapSerializer.serializeFields(MapSerializer.java:808)
at com.fasterxml.jackson.databind.ser.std.MapSerializer.serializeWithoutTypeInfo(MapSerializer.java:764)
at com.fasterxml.jackson.databind.ser.std.MapSerializer.serialize(MapSerializer.java:720)
at com.fasterxml.jackson.databind.ser.std.MapSerializer.serialize(MapSerializer.java:35)
at com.fasterxml.jackson.databind.ser.std.MapSerializer.serializeFields(MapSerializer.java:808)
at com.fasterxml.jackson.databind.ser.std.MapSerializer.serializeWithoutTypeInfo(MapSerializer.java:764)
at com.fasterxml.jackson.databind.ser.std.MapSerializer.serialize(MapSerializer.java:720)
at com.fasterxml.jackson.databind.ser.std.MapSerializer.serialize(MapSerializer.java:35)
at com.fasterxml.jackson.databind.ser.std.MapSerializer.serializeFields(MapSerializer.java:808)
at com.fasterxml.jackson.databind.ser.std.MapSerializer.serializeWithoutTypeInfo(MapSerializer.java:764)
at com.fasterxml.jackson.databind.ser.std.MapSerializer.serialize(MapSerializer.java:720)
at com.fasterxml.jackson.databind.ser.std.MapSerializer.serialize(MapSerializer.java:35)
at com.fasterxml.jackson.databind.ser.std.MapSerializer.serializeFields(MapSerializer.java:808)
at com.fasterxml.jackson.databind.ser.std.MapSerializer.serializeWithoutTypeInfo(MapSerializer.java:764)
at com.fasterxml.jackson.databind.ser.std.MapSerializer.serialize(MapSerializer.java:720)
at com.fasterxml.jackson.databind.ser.std.MapSerializer.serialize(MapSerializer.java:35)
at com.fasterxml.jackson.databind.ser.std.MapSerializer.serializeFields(MapSerializer.java:808)
at com.fasterxml.jackson.databind.ser.std.MapSerializer.serializeWithoutTypeInfo(MapSerializer.java:764)
at com.fasterxml.jackson.databind.ser.std.MapSerializer.serialize(MapSerializer.java:720)
at com.fasterxml.jackson.databind.ser.std.MapSerializer.serialize(MapSerializer.java:35)
at com.fasterxml.jackson.databind.ser.std.MapSerializer.serializeFields(MapSerializer.java:808)
at com.fasterxml.jackson.databind.ser.std.MapSerializer.serializeWithoutTypeInfo(MapSerializer.java:764)
at com.fasterxml.jackson.databind.ser.std.MapSerializer.serialize(MapSerializer.java:720)
at com.fasterxml.jackson.databind.ser.std.MapSerializer.serialize(MapSerializer.java:35)
at com.fasterxml.jackson.databind.ser.std.MapSerializer.serializeFields(MapSerializer.java:808)
at com.fasterxml.jackson.databind.ser.std.MapSerializer.serializeWithoutTypeInfo(MapSerializer.java:764)
at com.fasterxml.jackson.databind.ser.std.MapSerializer.serialize(MapSerializer.java:720)
at com.fasterxml.jackson.databind.ser.std.MapSerializer.serialize(MapSerializer.java:35)
at com.fasterxml.jackson.databind.ser.std.MapSerializer.serializeFields(MapSerializer.java:808)
at com.fasterxml.jackson.databind.ser.std.MapSerializer.serializeWithoutTypeInfo(MapSerializer.java:764)
at com.fasterxml.jackson.databind.ser.std.MapSerializer.serialize(MapSerializer.java:720)
at com.fasterxml.jackson.databind.ser.std.MapSerializer.serialize(MapSerializer.java:35)
at com.fasterxml.jackson.databind.ser.std.MapSerializer.serializeFields(MapSerializer.java:808)
at com.fasterxml.jackson.databind.ser.std.MapSerializer.serializeWithoutTypeInfo(MapSerializer.java:764)
at com.fasterxml.jackson.databind.ser.std.MapSerializer.serialize(MapSerializer.java:720)
at com.fasterxml.jackson.databind.ser.std.MapSerializer.serialize(MapSerializer.java:35)
at com.fasterxml.jackson.databind.ser.std.MapSerializer.serializeFields(MapSerializer.java:808)
at com.fasterxml.jackson.databind.ser.std.MapSerializer.serializeWithoutTypeInfo(MapSerializer.java:764)
at com.fasterxml.jackson.databind.ser.std.MapSerializer.serialize(MapSerializer.java:720)
at com.fasterxml.jackson.databind.ser.std.MapSerializer.serialize(MapSerializer.java:35)
at com.fasterxml.jackson.databind.ser.std.MapSerializer.serializeFields(MapSerializer.java:808)
at com.fasterxml.jackson.databind.ser.std.MapSerializer.serializeWithoutTypeInfo(MapSerializer.java:764)
at com.fasterxml.jackson.databind.ser.std.MapSerializer.serialize(MapSerializer.java:720)
at com.fasterxml.jackson.databind.ser.std.MapSerializer.serialize(MapSerializer.java:35)
at com.fasterxml.jackson.databind.ser.std.MapSerializer.serializeFields(MapSerializer.java:808)
at com.fasterxml.jackson.databind.ser.std.MapSerializer.serializeWithoutTypeInfo(MapSerializer.java:764)
at com.fasterxml.jackson.databind.ser.std.MapSerializer.serialize(MapSerializer.java:720)
at com.fasterxml.jackson.databind.ser.std.MapSerializer.serialize(MapSerializer.java:35)
at com.fasterxml.jackson.databind.ser.std.MapSerializer.serializeFields(MapSerializer.java:808)
at com.fasterxml.jackson.databind.ser.std.MapSerializer.serializeWithoutTypeInfo(MapSerializer.java:764)
at com.fasterxml.jackson.databind.ser.std.MapSerializer.serialize(MapSerializer.java:720)
at com.fasterxml.jackson.databind.ser.std.MapSerializer.serialize(MapSerializer.java:35)
at com.fasterxml.jackson.databind.ser.std.MapSerializer.serializeFields(MapSerializer.java:808)
at com.fasterxml.jackson.databind.ser.std.MapSerializer.serializeWithoutTypeInfo(MapSerializer.java:764)
at com.fasterxml.jackson.databind.ser.std.MapSerializer.serialize(MapSerializer.java:720)
at com.fasterxml.jackson.databind.ser.std.MapSerializer.serialize(MapSerializer.java:35)
at com.fasterxml.jackson.databind.ser.std.MapSerializer.serializeFields(MapSerializer.java:808)
at com.fasterxml.jackson.databind.ser.std.MapSerializer.serializeWithoutTypeInfo(MapSerializer.java:764)
at com.fasterxml.jackson.databind.ser.std.MapSerializer.serialize(MapSerializer.java:720)
at com.fasterxml.jackson.databind.ser.std.MapSerializer.serialize(MapSerializer.java:35)
at com.fasterxml.jackson.databind.ser.std.MapSerializer.serializeFields(MapSerializer.java:808)
at com.fasterxml.jackson.databind.ser.std.MapSerializer.serializeWithoutTypeInfo(MapSerializer.java:764)
at com.fasterxml.jackson.databind.ser.std.MapSerializer.serialize(MapSerializer.java:720)
at com.fasterxml.jackson.databind.ser.std.MapSerializer.serialize(MapSerializer.java:35)
at com.fasterxml.jackson.databind.ser.std.MapSerializer.serializeFields(MapSerializer.java:808)
at com.fasterxml.jackson.databind.ser.std.MapSerializer.serializeWithoutTypeInfo(MapSerializer.java:764)
at com.fasterxml.jackson.databind.ser.std.MapSerializer.serialize(MapSerializer.java:720)
at com.fasterxml.jackson.databind.ser.std.MapSerializer.serialize(MapSerializer.java:35)
at com.fasterxml.jackson.databind.ser.std.MapSerializer.serializeFields(MapSerializer.java:808)
at com.fasterxml.jackson.databind.ser.std.MapSerializer.serializeWithoutTypeInfo(MapSerializer.java:764)
at com.fasterxml.jackson.databind.ser.std.MapSerializer.serialize(MapSerializer.java:720)
at com.fasterxml.jackson.databind.ser.std.MapSerializer.serialize(MapSerializer.java:35)
at com.fasterxml.jackson.databind.ser.std.MapSerializer.serializeFields(MapSerializer.java:808)
at com.fasterxml.jackson.databind.ser.std.MapSerializer.serializeWithoutTypeInfo(MapSerializer.java:764)
at com.fasterxml.jackson.databind.ser.std.MapSerializer.serialize(MapSerializer.java:720)
at com.fasterxml.jackson.databind.ser.std.MapSerializer.serialize(MapSerializer.java:35)
at com.fasterxml.jackson.databind.ser.std.MapSerializer.serializeFields(MapSerializer.java:808)
at com.fasterxml.jackson.databind.ser.std.MapSerializer.serializeWithoutTypeInfo(MapSerializer.java:764)
at com.fasterxml.jackson.databind.ser.std.MapSerializer.serialize(MapSerializer.java:720)
at com.fasterxml.jackson.databind.ser.std.MapSerializer.serialize(MapSerializer.java:35)
at com.fasterxml.jackson.databind.ser.std.MapSerializer.serializeFields(MapSerializer.java:808)
at com.fasterxml.jackson.databind.ser.std.MapSerializer.serializeWithoutTypeInfo(MapSerializer.java:764)
at com.fasterxml.jackson.databind.ser.std.MapSerializer.serialize(MapSerializer.java:720)
at com.fasterxml.jackson.databind.ser.std.MapSerializer.serialize(MapSerializer.java:35)
at com.fasterxml.jackson.databind.ser.std.MapSerializer.serializeFields(MapSerializer.java:808)
at com.fasterxml.jackson.databind.ser.std.MapSerializer.serializeWithoutTypeInfo(MapSerializer.java:764)
at com.fasterxml.jackson.databind.ser.std.MapSerializer.serialize(MapSerializer.java:720)
at com.fasterxml.jackson.databind.ser.std.MapSerializer.serialize(MapSerializer.java:35)
at com.fasterxml.jackson.databind.ser.std.MapSerializer.serializeFields(MapSerializer.java:808)
at com.fasterxml.jackson.databind.ser.std.MapSerializer.serializeWithoutTypeInfo(MapSerializer.java:764)
at com.fasterxml.jackson.databind.ser.std.MapSerializer.serialize(MapSerializer.java:720)
at com.fasterxml.jackson.databind.ser.std.MapSerializer.serialize(MapSerializer.java:35)
at com.fasterxml.jackson.databind.ser.std.MapSerializer.serializeFields(MapSerializer.java:808)
at com.fasterxml.jackson.databind.ser.std.MapSerializer.serializeWithoutTypeInfo(MapSerializer.java:764)
at com.fasterxml.jackson.databind.ser.std.MapSerializer.serialize(MapSerializer.java:720)
at com.fasterxml.jackson.databind.ser.std.MapSerializer.serialize(MapSerializer.java:35)
at com.fasterxml.jackson.databind.ser.std.MapSerializer.serializeFields(MapSerializer.java:808)
at com.fasterxml.jackson.databind.ser.std.MapSerializer.serializeWithoutTypeInfo(MapSerializer.java:764)
at com.fasterxml.jackson.databind.ser.std.MapSerializer.serialize(MapSerializer.java:720)
at com.fasterxml.jackson.databind.ser.std.MapSerializer.serialize(MapSerializer.java:35)
at com.fasterxml.jackson.databind.ser.std.MapSerializer.serializeFields(MapSerializer.java:808)
at com.fasterxml.jackson.databind.ser.std.MapSerializer.serializeWithoutTypeInfo(MapSerializer.java:764)
at com.fasterxml.jackson.databind.ser.std.MapSerializer.serialize(MapSerializer.java:720)
at com.fasterxml.jackson.databind.ser.std.MapSerializer.serialize(MapSerializer.java:35)
at com.fasterxml.jackson.databind.ser.std.MapSerializer.serializeFields(MapSerializer.java:808)
at com.fasterxml.jackson.databind.ser.std.MapSerializer.serializeWithoutTypeInfo(MapSerializer.java:764)
at com.fasterxml.jackson.databind.ser.std.MapSerializer.serialize(MapSerializer.java:720)
at com.fasterxml.jackson.databind.ser.std.MapSerializer.serialize(MapSerializer.java:35)
at com.fasterxml.jackson.databind.ser.std.MapSerializer.serializeFields(MapSerializer.java:808)
at com.fasterxml.jackson.databind.ser.std.MapSerializer.serializeWithoutTypeInfo(MapSerializer.java:764)
at com.fasterxml.jackson.databind.ser.std.MapSerializer.serialize(MapSerializer.java:720)
at com.fasterxml.jackson.databind.ser.std.MapSerializer.serialize(MapSerializer.java:35)
at com.fasterxml.jackson.databind.ser.std.MapSerializer.serializeFields(MapSerializer.java:808)
at com.fasterxml.jackson.databind.ser.std.MapSerializer.serializeWithoutTypeInfo(MapSerializer.java:764)
at com.fasterxml.jackson.databind.ser.std.MapSerializer.serialize(MapSerializer.java:720)
at com.fasterxml.jackson.databind.ser.std.MapSerializer.serialize(MapSerializer.java:35)
at com.fasterxml.jackson.databind.ser.std.MapSerializer.serializeFields(MapSerializer.java:808)
at com.fasterxml.jackson.databind.ser.std.MapSerializer.serializeWithoutTypeInfo(MapSerializer.java:764)
at com.fasterxml.jackson.databind.ser.std.MapSerializer.serialize(MapSerializer.java:720)
at com.fasterxml.jackson.databind.ser.std.MapSerializer.serialize(MapSerializer.java:35)
at com.fasterxml.jackson.databind.ser.std.MapSerializer.serializeFields(MapSerializer.java:808)
at com.fasterxml.jackson.databind.ser.std.MapSerializer.serializeWithoutTypeInfo(MapSerializer.java:764)
at com.fasterxml.jackson.databind.ser.std.MapSerializer.serialize(MapSerializer.java:720)
at com.fasterxml.jackson.databind.ser.std.MapSerializer.serialize(MapSerializer.java:35)
at com.fasterxml.jackson.databind.ser.std.MapSerializer.serializeFields(MapSerializer.java:808)
at com.fasterxml.jackson.databind.ser.std.MapSerializer.serializeWithoutTypeInfo(MapSerializer.java:764)
at com.fasterxml.jackson.databind.ser.std.MapSerializer.serialize(MapSerializer.java:720)
at com.fasterxml.jackson.databind.ser.std.MapSerializer.serialize(MapSerializer.java:35)
at com.fasterxml.jackson.databind.ser.std.MapSerializer.serializeFields(MapSerializer.java:808)
at com.fasterxml.jackson.databind.ser.std.MapSerializer.serializeWithoutTypeInfo(MapSerializer.java:764)
at com.fasterxml.jackson.databind.ser.std.MapSerializer.serialize(MapSerializer.java:720)
at com.fasterxml.jackson.databind.ser.std.MapSerializer.serialize(MapSerializer.java:35)
at com.fasterxml.jackson.databind.ser.std.MapSerializer.serializeFields(MapSerializer.java:808)
at com.fasterxml.jackson.databind.ser.std.MapSerializer.serializeWithoutTypeInfo(MapSerializer.java:764)
at com.fasterxml.jackson.databind.ser.std.MapSerializer.serialize(MapSerializer.java:720)
at com.fasterxml.jackson.databind.ser.std.MapSerializer.serialize(MapSerializer.java:35)
at com.fasterxml.jackson.databind.ser.std.MapSerializer.serializeFields(MapSerializer.java:808)
at com.fasterxml.jackson.databind.ser.std.MapSerializer.serializeWithoutTypeInfo(MapSerializer.java:764)
at com.fasterxml.jackson.databind.ser.std.MapSerializer.serialize(MapSerializer.java:720)
at com.fasterxml.jackson.databind.ser.std.MapSerializer.serialize(MapSerializer.java:35)
at com.fasterxml.jackson.databind.ser.std.MapSerializer.serializeFields(MapSerializer.java:808)
at com.fasterxml.jackson.databind.ser.std.MapSerializer.serializeWithoutTypeInfo(MapSerializer.java:764)
at com.fasterxml.jackson.databind.ser.std.MapSerializer.serialize(MapSerializer.java:720)
at com.fasterxml.jackson.databind.ser.std.MapSerializer.serialize(MapSerializer.java:35)
at com.fasterxml.jackson.databind.ser.std.MapSerializer.serializeFields(MapSerializer.java:808)
at com.fasterxml.jackson.databind.ser.std.MapSerializer.serializeWithoutTypeInfo(MapSerializer.java:764)
at com.fasterxml.jackson.databind.ser.std.MapSerializer.serialize(MapSerializer.java:720)
at com.fasterxml.jackson.databind.ser.std.MapSerializer.serialize(MapSerializer.java:35)
at com.fasterxml.jackson.databind.ser.std.MapSerializer.serializeFields(MapSerializer.java:808)
at com.fasterxml.jackson.databind.ser.std.MapSerializer.serializeWithoutTypeInfo(MapSerializer.java:764)
at com.fasterxml.jackson.databind.ser.std.MapSerializer.serialize(MapSerializer.java:720)
at com.fasterxml.jackson.databind.ser.std.MapSerializer.serialize(MapSerializer.java:35)
at com.fasterxml.jackson.databind.ser.std.MapSerializer.serializeFields(MapSerializer.java:808)
at com.fasterxml.jackson.databind.ser.std.MapSerializer.serializeWithoutTypeInfo(MapSerializer.java:764)
at com.fasterxml.jackson.databind.ser.std.MapSerializer.serialize(MapSerializer.java:720)
at com.fasterxml.jackson.databind.ser.std.MapSerializer.serialize(MapSerializer.java:35)
at com.fasterxml.jackson.databind.ser.std.MapSerializer.serializeFields(MapSerializer.java:808)
at com.fasterxml.jackson.databind.ser.std.MapSerializer.serializeWithoutTypeInfo(MapSerializer.java:764)
at com.fasterxml.jackson.databind.ser.std.MapSerializer.serialize(MapSerializer.java:720)
at com.fasterxml.jackson.databind.ser.std.MapSerializer.serialize(MapSerializer.java:35)
at com.fasterxml.jackson.databind.ser.std.MapSerializer.serializeFields(MapSerializer.java:808)
at com.fasterxml.jackson.databind.ser.std.MapSerializer.serializeWithoutTypeInfo(MapSerializer.java:764)
at com.fasterxml.jackson.databind.ser.std.MapSerializer.serialize(MapSerializer.java:720)
at com.fasterxml.jackson.databind.ser.std.MapSerializer.serialize(MapSerializer.java:35)
at com.fasterxml.jackson.databind.ser.std.MapSerializer.serializeFields(MapSerializer.java:808)
at com.fasterxml.jackson.databind.ser.std.MapSerializer.serializeWithoutTypeInfo(MapSerializer.java:764)
at com.fasterxml.jackson.databind.ser.std.MapSerializer.serialize(MapSerializer.java:720)
at com.fasterxml.jackson.databind.ser.std.MapSerializer.serialize(MapSerializer.java:35)
at com.fasterxml.jackson.databind.ser.std.MapSerializer.serializeFields(MapSerializer.java:808)
at com.fasterxml.jackson.databind.ser.std.MapSerializer.serializeWithoutTypeInfo(MapSerializer.java:764)
at com.fasterxml.jackson.databind.ser.std.MapSerializer.serialize(MapSerializer.java:720)
at com.fasterxml.jackson.databind.ser.std.MapSerializer.serialize(MapSerializer.java:35)
at com.fasterxml.jackson.databind.ser.std.MapSerializer.serializeFields(MapSerializer.java:808)
at com.fasterxml.jackson.databind.ser.std.MapSerializer.serializeWithoutTypeInfo(MapSerializer.java:764)
at com.fasterxml.jackson.databind.ser.std.MapSerializer.serialize(MapSerializer.java:720)
at com.fasterxml.jackson.databind.ser.std.MapSerializer.serialize(MapSerializer.java:35)
at com.fasterxml.jackson.databind.ser.std.MapSerializer.serializeFields(MapSerializer.java:808)
at com.fasterxml.jackson.databind.ser.std.MapSerializer.serializeWithoutTypeInfo(MapSerializer.java:764)
at com.fasterxml.jackson.databind.ser.std.MapSerializer.serialize(MapSerializer.java:720)
at com.fasterxml.jackson.databind.ser.std.MapSerializer.serialize(MapSerializer.java:35)
at com.fasterxml.jackson.databind.ser.std.MapSerializer.serializeFields(MapSerializer.java:808)
at com.fasterxml.jackson.databind.ser.std.MapSerializer.serializeWithoutTypeInfo(MapSerializer.java:764)
at com.fasterxml.jackson.databind.ser.std.MapSerializer.serialize(MapSerializer.java:720)
at com.fasterxml.jackson.databind.ser.std.MapSerializer.serialize(MapSerializer.java:35)
at com.fasterxml.jackson.databind.ser.std.MapSerializer.serializeFields(MapSerializer.java:808)
at com.fasterxml.jackson.databind.ser.std.MapSerializer.serializeWithoutTypeInfo(MapSerializer.java:764)
at com.fasterxml.jackson.databind.ser.std.MapSerializer.serialize(MapSerializer.java:720)
at com.fasterxml.jackson.databind.ser.std.MapSerializer.serialize(MapSerializer.java:35)
at com.fasterxml.jackson.databind.ser.std.MapSerializer.serializeFields(MapSerializer.java:808)
at com.fasterxml.jackson.databind.ser.std.MapSerializer.serializeWithoutTypeInfo(MapSerializer.java:764)
at com.fasterxml.jackson.databind.ser.std.MapSerializer.serialize(MapSerializer.java:720)
at com.fasterxml.jackson.databind.ser.std.MapSerializer.serialize(MapSerializer.java:35)
at com.fasterxml.jackson.databind.ser.std.MapSerializer.serializeFields(MapSerializer.java:808)
at com.fasterxml.jackson.databind.ser.std.MapSerializer.serializeWithoutTypeInfo(MapSerializer.java:764)
at com.fasterxml.jackson.databind.ser.std.MapSerializer.serialize(MapSerializer.java:720)
at com.fasterxml.jackson.databind.ser.std.MapSerializer.serialize(MapSerializer.java:35)
at com.fasterxml.jackson.databind.ser.std.MapSerializer.serializeFields(MapSerializer.java:808)
at com.fasterxml.jackson.databind.ser.std.MapSerializer.serializeWithoutTypeInfo(MapSerializer.java:764)
at com.fasterxml.jackson.databind.ser.std.MapSerializer.serialize(MapSerializer.java:720)
at com.fasterxml.jackson.databind.ser.std.MapSerializer.serialize(MapSerializer.java:35)
at com.fasterxml.jackson.databind.ser.std.MapSerializer.serializeFields(MapSerializer.java:808)
at com.fasterxml.jackson.databind.ser.std.MapSerializer.serializeWithoutTypeInfo(MapSerializer.java:764)
at com.fasterxml.jackson.databind.ser.std.MapSerializer.serialize(MapSerializer.java:720)
at com.fasterxml.jackson.databind.ser.std.MapSerializer.serialize(MapSerializer.java:35)
at com.fasterxml.jackson.databind.ser.std.MapSerializer.serializeFields(MapSerializer.java:808)
at com.fasterxml.jackson.databind.ser.std.MapSerializer.serializeWithoutTypeInfo(MapSerializer.java:764)
at com.fasterxml.jackson.databind.ser.std.MapSerializer.serialize(MapSerializer.java:720)
at com.fasterxml.jackson.databind.ser.std.MapSerializer.serialize(MapSerializer.java:35)
at com.fasterxml.jackson.databind.ser.std.MapSerializer.serializeFields(MapSerializer.java:808)
at com.fasterxml.jackson.databind.ser.std.MapSerializer.serializeWithoutTypeInfo(MapSerializer.java:764)
at com.fasterxml.jackson.databind.ser.std.MapSerializer.serialize(MapSerializer.java:720)
at com.fasterxml.jackson.databind.ser.std.MapSerializer.serialize(MapSerializer.java:35)
at com.fasterxml.jackson.databind.ser.std.MapSerializer.serializeFields(MapSerializer.java:808)
at com.fasterxml.jackson.databind.ser.std.MapSerializer.serializeWithoutTypeInfo(MapSerializer.java:764)
at com.fasterxml.jackson.databind.ser.std.MapSerializer.serialize(MapSerializer.java:720)
at com.fasterxml.jackson.databind.ser.std.MapSerializer.serialize(MapSerializer.java:35)
at com.fasterxml.jackson.databind.ser.std.MapSerializer.serializeFields(MapSerializer.java:808)
at com.fasterxml.jackson.databind.ser.std.MapSerializer.serializeWithoutTypeInfo(MapSerializer.java:764)
at com.fasterxml.jackson.databind.ser.std.MapSerializer.serialize(MapSerializer.java:720)
at com.fasterxml.jackson.databind.ser.std.MapSerializer.serialize(MapSerializer.java:35)
at com.fasterxml.jackson.databind.ser.std.MapSerializer.serializeFields(MapSerializer.java:808)
at com.fasterxml.jackson.databind.ser.std.MapSerializer.serializeWithoutTypeInfo(MapSerializer.java:764)
at com.fasterxml.jackson.databind.ser.std.MapSerializer.serialize(MapSerializer.java:720)
at com.fasterxml.jackson.databind.ser.std.MapSerializer.serialize(MapSerializer.java:35)
at com.fasterxml.jackson.databind.ser.std.MapSerializer.serializeFields(MapSerializer.java:808)
at com.fasterxml.jackson.databind.ser.std.MapSerializer.serializeWithoutTypeInfo(MapSerializer.java:764)
at com.fasterxml.jackson.databind.ser.std.MapSerializer.serialize(MapSerializer.java:720)
at com.fasterxml.jackson.databind.ser.std.MapSerializer.serialize(MapSerializer.java:35)
at com.fasterxml.jackson.databind.ser.std.MapSerializer.serializeFields(MapSerializer.java:808)
at com.fasterxml.jackson.databind.ser.std.MapSerializer.serializeWithoutTypeInfo(MapSerializer.java:764)
at com.fasterxml.jackson.databind.ser.std.MapSerializer.serialize(MapSerializer.java:720)
at com.fasterxml.jackson.databind.ser.std.MapSerializer.serialize(MapSerializer.java:35)
at com.fasterxml.jackson.databind.ser.std.MapSerializer.serializeFields(MapSerializer.java:808)
at com.fasterxml.jackson.databind.ser.std.MapSerializer.serializeWithoutTypeInfo(MapSerializer.java:764)
at com.fasterxml.jackson.databind.ser.std.MapSerializer.serialize(MapSerializer.java:720)
at com.fasterxml.jackson.databind.ser.std.MapSerializer.serialize(MapSerializer.java:35)
at com.fasterxml.jackson.databind.ser.std.MapSerializer.serializeFields(MapSerializer.java:808)
at com.fasterxml.jackson.databind.ser.std.MapSerializer.serializeWithoutTypeInfo(MapSerializer.java:764)
at com.fasterxml.jackson.databind.ser.std.MapSerializer.serialize(MapSerializer.java:720)
at com.fasterxml.jackson.databind.ser.std.MapSerializer.serialize(MapSerializer.java:35)
at com.fasterxml.jackson.databind.ser.std.MapSerializer.serializeFields(MapSerializer.java:808)
at com.fasterxml.jackson.databind.ser.std.MapSerializer.serializeWithoutTypeInfo(MapSerializer.java:764)
at com.fasterxml.jackson.databind.ser.std.MapSerializer.serialize(MapSerializer.java:720)
at com.fasterxml.jackson.databind.ser.std.MapSerializer.serialize(MapSerializer.java:35)
at com.fasterxml.jackson.databind.ser.std.MapSerializer.serializeFields(MapSerializer.java:808)
at com.fasterxml.jackson.databind.ser.std.MapSerializer.serializeWithoutTypeInfo(MapSerializer.java:764)
at com.fasterxml.jackson.databind.ser.std.MapSerializer.serialize(MapSerializer.java:720)
at com.fasterxml.jackson.databind.ser.std.MapSerializer.serialize(MapSerializer.java:35)
at com.fasterxml.jackson.databind.ser.std.MapSerializer.serializeFields(MapSerializer.java:808)
at com.fasterxml.jackson.databind.ser.std.MapSerializer.serializeWithoutTypeInfo(MapSerializer.java:764)
at com.fasterxml.jackson.databind.ser.std.MapSerializer.serialize(MapSerializer.java:720)
at com.fasterxml.jackson.databind.ser.std.MapSerializer.serialize(MapSerializer.java:35)
at com.fasterxml.jackson.databind.ser.std.MapSerializer.serializeFields(MapSerializer.java:808)
at com.fasterxml.jackson.databind.ser.std.MapSerializer.serializeWithoutTypeInfo(MapSerializer.java:764)
at com.fasterxml.jackson.databind.ser.std.MapSerializer.serialize(MapSerializer.java:720)
at com.fasterxml.jackson.databind.ser.std.MapSerializer.serialize(MapSerializer.java:35)
at com.fasterxml.jackson.databind.ser.std.MapSerializer.serializeFields(MapSerializer.java:808)
at com.fasterxml.jackson.databind.ser.std.MapSerializer.serializeWithoutTypeInfo(MapSerializer.java:764)
at com.fasterxml.jackson.databind.ser.std.MapSerializer.serialize(MapSerializer.java:720)
at com.fasterxml.jackson.databind.ser.std.MapSerializer.serialize(MapSerializer.java:35)
at com.fasterxml.jackson.databind.ser.std.MapSerializer.serializeFields(MapSerializer.java:808)
at com.fasterxml.jackson.databind.ser.std.MapSerializer.serializeWithoutTypeInfo(MapSerializer.java:764)
at com.fasterxml.jackson.databind.ser.std.MapSerializer.serialize(MapSerializer.java:720)
at com.fasterxml.jackson.databind.ser.std.MapSerializer.serialize(MapSerializer.java:35)
at com.fasterxml.jackson.databind.ser.std.MapSerializer.serializeFields(MapSerializer.java:808)
at com.fasterxml.jackson.databind.ser.std.MapSerializer.serializeWithoutTypeInfo(MapSerializer.java:764)
at com.fasterxml.jackson.databind.ser.std.MapSerializer.serialize(MapSerializer.java:720)
at com.fasterxml.jackson.databind.ser.std.MapSerializer.serialize(MapSerializer.java:35)
at com.fasterxml.jackson.databind.ser.std.MapSerializer.serializeFields(MapSerializer.java:808)
at com.fasterxml.jackson.databind.ser.std.MapSerializer.serializeWithoutTypeInfo(MapSerializer.java:764)
at com.fasterxml.jackson.databind.ser.std.MapSerializer.serialize(MapSerializer.java:720)
at com.fasterxml.jackson.databind.ser.std.MapSerializer.serialize(MapSerializer.java:35)
at com.fasterxml.jackson.databind.ser.std.MapSerializer.serializeFields(MapSerializer.java:808)
at com.fasterxml.jackson.databind.ser.std.MapSerializer.serializeWithoutTypeInfo(MapSerializer.java:764)
at com.fasterxml.jackson.databind.ser.std.MapSerializer.serialize(MapSerializer.java:720)
at com.fasterxml.jackson.databind.ser.std.MapSerializer.serialize(MapSerializer.java:35)
at com.fasterxml.jackson.databind.ser.std.MapSerializer.serializeFields(MapSerializer.java:808)
at com.fasterxml.jackson.databind.ser.std.MapSerializer.serializeWithoutTypeInfo(MapSerializer.java:764)
at com.fasterxml.jackson.databind.ser.std.MapSerializer.serialize(MapSerializer.java:720)
at com.fasterxml.jackson.databind.ser.std.MapSerializer.serialize(MapSerializer.java:35)
at com.fasterxml.jackson.databind.ser.std.MapSerializer.serializeFields(MapSerializer.java:808)
at com.fasterxml.jackson.databind.ser.std.MapSerializer.serializeWithoutTypeInfo(MapSerializer.java:764)
at com.fasterxml.jackson.databind.ser.std.MapSerializer.serialize(MapSerializer.java:720)
at com.fasterxml.jackson.databind.ser.std.MapSerializer.serialize(MapSerializer.java:35)
at com.fasterxml.jackson.databind.ser.std.MapSerializer.serializeFields(MapSerializer.java:808)
at com.fasterxml.jackson.databind.ser.std.MapSerializer.serializeWithoutTypeInfo(MapSerializer.java:764)
at com.fasterxml.jackson.databind.ser.std.MapSerializer.serialize(MapSerializer.java:720)
at com.fasterxml.jackson.databind.ser.std.MapSerializer.serialize(MapSerializer.java:35)
at com.fasterxml.jackson.databind.ser.std.MapSerializer.serializeFields(MapSerializer.java:808)
at com.fasterxml.jackson.databind.ser.std.MapSerializer.serializeWithoutTypeInfo(MapSerializer.java:764)
at com.fasterxml.jackson.databind.ser.std.MapSerializer.serialize(MapSerializer.java:720)
at com.fasterxml.jackson.databind.ser.std.MapSerializer.serialize(MapSerializer.java:35)
at com.fasterxml.jackson.databind.ser.std.MapSerializer.serializeFields(MapSerializer.java:808)
at com.fasterxml.jackson.databind.ser.std.MapSerializer.serializeWithoutTypeInfo(MapSerializer.java:764)
at com.fasterxml.jackson.databind.ser.std.MapSerializer.serialize(MapSerializer.java:720)
at com.fasterxml.jackson.databind.ser.std.MapSerializer.serialize(MapSerializer.java:35)
at com.fasterxml.jackson.databind.ser.std.MapSerializer.serializeFields(MapSerializer.java:808)
at com.fasterxml.jackson.databind.ser.std.MapSerializer.serializeWithoutTypeInfo(MapSerializer.java:764)
at com.fasterxml.jackson.databind.ser.std.MapSerializer.serialize(MapSerializer.java:720)
at com.fasterxml.jackson.databind.ser.std.MapSerializer.serialize(MapSerializer.java:35)
at com.fasterxml.jackson.databind.ser.std.MapSerializer.serializeFields(MapSerializer.java:808)
at com.fasterxml.jackson.databind.ser.std.MapSerializer.serializeWithoutTypeInfo(MapSerializer.java:764)
at com.fasterxml.jackson.databind.ser.std.MapSerializer.serialize(MapSerializer.java:720)
at com.fasterxml.jackson.databind.ser.std.MapSerializer.serialize(MapSerializer.java:35)
at com.fasterxml.jackson.databind.ser.std.MapSerializer.serializeFields(MapSerializer.java:808)
at com.fasterxml.jackson.databind.ser.std.MapSerializer.serializeWithoutTypeInfo(MapSerializer.java:764)
at com.fasterxml.jackson.databind.ser.std.MapSerializer.serialize(MapSerializer.java:720)
at com.fasterxml.jackson.databind.ser.std.MapSerializer.serialize(MapSerializer.java:35)
at com.fasterxml.jackson.databind.ser.std.MapSerializer.serializeFields(MapSerializer.java:808)
at com.fasterxml.jackson.databind.ser.std.MapSerializer.serializeWithoutTypeInfo(MapSerializer.java:764)
at com.fasterxml.jackson.databind.ser.std.MapSerializer.serialize(MapSerializer.java:720)
at com.fasterxml.jackson.databind.ser.std.MapSerializer.serialize(MapSerializer.java:35)
at com.fasterxml.jackson.databind.ser.std.MapSerializer.serializeFields(MapSerializer.java:808)
at com.fasterxml.jackson.databind.ser.std.MapSerializer.serializeWithoutTypeInfo(MapSerializer.java:764)
at com.fasterxml.jackson.databind.ser.std.MapSerializer.serialize(MapSerializer.java:720)
at com.fasterxml.jackson.databind.ser.std.MapSerializer.serialize(MapSerializer.java:35)
at com.fasterxml.jackson.databind.ser.std.MapSerializer.serializeFields(MapSerializer.java:808)
at com.fasterxml.jackson.databind.ser.std.MapSerializer.serializeWithoutTypeInfo(MapSerializer.java:764)
at com.fasterxml.jackson.databind.ser.std.MapSerializer.serialize(MapSerializer.java:720)
at com.fasterxml.jackson.databind.ser.std.MapSerializer.serialize(MapSerializer.java:35)
at com.fasterxml.jackson.databind.ser.std.MapSerializer.serializeFields(MapSerializer.java:808)
at com.fasterxml.jackson.databind.ser.std.MapSerializer.serializeWithoutTypeInfo(MapSerializer.java:764)
at com.fasterxml.jackson.databind.ser.std.MapSerializer.serialize(MapSerializer.java:720)
at com.fasterxml.jackson.databind.ser.std.MapSerializer.serialize(MapSerializer.java:35)
at com.fasterxml.jackson.databind.ser.std.MapSerializer.serializeFields(MapSerializer.java:808)
at com.fasterxml.jackson.databind.ser.std.MapSerializer.serializeWithoutTypeInfo(MapSerializer.java:764)
at com.fasterxml.jackson.databind.ser.std.MapSerializer.serialize(MapSerializer.java:720)
at com.fasterxml.jackson.databind.ser.std.MapSerializer.serialize(MapSerializer.java:35)
at com.fasterxml.jackson.databind.ser.std.MapSerializer.serializeFields(MapSerializer.java:808)
at com.fasterxml.jackson.databind.ser.std.MapSerializer.serializeWithoutTypeInfo(MapSerializer.java:764)
at com.fasterxml.jackson.databind.ser.std.MapSerializer.serialize(MapSerializer.java:720)
at com.fasterxml.jackson.databind.ser.std.MapSerializer.serialize(MapSerializer.java:35)
at com.fasterxml.jackson.databind.ser.std.MapSerializer.serializeFields(MapSerializer.java:808)
at com.fasterxml.jackson.databind.ser.std.MapSerializer.serializeWithoutTypeInfo(MapSerializer.java:764)
at com.fasterxml.jackson.databind.ser.std.MapSerializer.serialize(MapSerializer.java:720)
at com.fasterxml.jackson.databind.ser.std.MapSerializer.serialize(MapSerializer.java:35)
at com.fasterxml.jackson.databind.ser.std.MapSerializer.serializeFields(MapSerializer.java:808)
at com.fasterxml.jackson.databind.ser.std.MapSerializer.serializeWithoutTypeInfo(MapSerializer.java:764)
at com.fasterxml.jackson.databind.ser.std.MapSerializer.serialize(MapSerializer.java:720)
at com.fasterxml.jackson.databind.ser.std.MapSerializer.serialize(MapSerializer.java:35)
at com.fasterxml.jackson.databind.ser.std.MapSerializer.serializeFields(MapSerializer.java:808)
at com.fasterxml.jackson.databind.ser.std.MapSerializer.serializeWithoutTypeInfo(MapSerializer.java:764)
at com.fasterxml.jackson.databind.ser.std.MapSerializer.serialize(MapSerializer.java:720)
at com.fasterxml.jackson.databind.ser.std.MapSerializer.serialize(MapSerializer.java:35)
at com.fasterxml.jackson.databind.ser.std.MapSerializer.serializeFields(MapSerializer.java:808)
at com.fasterxml.jackson.databind.ser.std.MapSerializer.serializeWithoutTypeInfo(MapSerializer.java:764)
at com.fasterxml.jackson.databind.ser.std.MapSerializer.serialize(MapSerializer.java:720)
at com.fasterxml.jackson.databind.ser.std.MapSerializer.serialize(MapSerializer.java:35)
at com.fasterxml.jackson.databind.ser.std.MapSerializer.serializeFields(MapSerializer.java:808)
at com.fasterxml.jackson.databind.ser.std.MapSerializer.serializeWithoutTypeInfo(MapSerializer.java:764)
at com.fasterxml.jackson.databind.ser.std.MapSerializer.serialize(MapSerializer.java:720)
at com.fasterxml.jackson.databind.ser.std.MapSerializer.serialize(MapSerializer.java:35)
at com.fasterxml.jackson.databind.ser.std.MapSerializer.serializeFields(MapSerializer.java:808)
at com.fasterxml.jackson.databind.ser.std.MapSerializer.serializeWithoutTypeInfo(MapSerializer.java:764)
at com.fasterxml.jackson.databind.ser.std.MapSerializer.serialize(MapSerializer.java:720)
at com.fasterxml.jackson.databind.ser.std.MapSerializer.serialize(MapSerializer.java:35)
at com.fasterxml.jackson.databind.ser.std.MapSerializer.serializeFields(MapSerializer.java:808)
at com.fasterxml.jackson.databind.ser.std.MapSerializer.serializeWithoutTypeInfo(MapSerializer.java:764)
at com.fasterxml.jackson.databind.ser.std.MapSerializer.serialize(MapSerializer.java:720)
at com.fasterxml.jackson.databind.ser.std.MapSerializer.serialize(MapSerializer.java:35)
at com.fasterxml.jackson.databind.ser.std.MapSerializer.serializeFields(MapSerializer.java:808)
at com.fasterxml.jackson.databind.ser.std.MapSerializer.serializeWithoutTypeInfo(MapSerializer.java:764)
at com.fasterxml.jackson.databind.ser.std.MapSerializer.serialize(MapSerializer.java:720)
at com.fasterxml.jackson.databind.ser.std.MapSerializer.serialize(MapSerializer.java:35)
at com.fasterxml.jackson.databind.ser.std.MapSerializer.serializeFields(MapSerializer.java:808)
at com.fasterxml.jackson.databind.ser.std.MapSerializer.serializeWithoutTypeInfo(MapSerializer.java:764)
at com.fasterxml.jackson.databind.ser.std.MapSerializer.serialize(MapSerializer.java:720)
at com.fasterxml.jackson.databind.ser.std.MapSerializer.serialize(MapSerializer.java:35)
at com.fasterxml.jackson.databind.ser.std.MapSerializer.serializeFields(MapSerializer.java:808)
at com.fasterxml.jackson.databind.ser.std.MapSerializer.serializeWithoutTypeInfo(MapSerializer.java:764)
at com.fasterxml.jackson.databind.ser.std.MapSerializer.serialize(MapSerializer.java:720)
at com.fasterxml.jackson.databind.ser.std.MapSerializer.serialize(MapSerializer.java:35)
at com.fasterxml.jackson.databind.ser.std.MapSerializer.serializeFields(MapSerializer.java:808)
at com.fasterxml.jackson.databind.ser.std.MapSerializer.serializeWithoutTypeInfo(MapSerializer.java:764)
at com.fasterxml.jackson.databind.ser.std.MapSerializer.serialize(MapSerializer.java:720)
at com.fasterxml.jackson.databind.ser.std.MapSerializer.serialize(MapSerializer.java:35)
at com.fasterxml.jackson.databind.ser.std.MapSerializer.serializeFields(MapSerializer.java:808)
at com.fasterxml.jackson.databind.ser.std.MapSerializer.serializeWithoutTypeInfo(MapSerializer.java:764)
at com.fasterxml.jackson.databind.ser.std.MapSerializer.serialize(MapSerializer.java:720)
at com.fasterxml.jackson.databind.ser.std.MapSerializer.serialize(MapSerializer.java:35)
at com.fasterxml.jackson.databind.ser.std.MapSerializer.serializeFields(MapSerializer.java:808)
at com.fasterxml.jackson.databind.ser.std.MapSerializer.serializeWithoutTypeInfo(MapSerializer.java:764)
at com.fasterxml.jackson.databind.ser.std.MapSerializer.serialize(MapSerializer.java:720)
at com.fasterxml.jackson.databind.ser.std.MapSerializer.serialize(MapSerializer.java:35)
at com.fasterxml.jackson.databind.ser.std.MapSerializer.serializeFields(MapSerializer.java:808)
at com.fasterxml.jackson.databind.ser.std.MapSerializer.serializeWithoutTypeInfo(MapSerializer.java:764)
at com.fasterxml.jackson.databind.ser.std.MapSerializer.serialize(MapSerializer.java:720)
at com.fasterxml.jackson.databind.ser.std.MapSerializer.serialize(MapSerializer.java:35)
at com.fasterxml.jackson.databind.ser.std.MapSerializer.serializeFields(MapSerializer.java:808)
at com.fasterxml.jackson.databind.ser.std.MapSerializer.serializeWithoutTypeInfo(MapSerializer.java:764)
at com.fasterxml.jackson.databind.ser.std.MapSerializer.serialize(MapSerializer.java:720)
at com.fasterxml.jackson.databind.ser.std.MapSerializer.serialize(MapSerializer.java:35)
at com.fasterxml.jackson.databind.ser.std.MapSerializer.serializeFields(MapSerializer.java:808)
at com.fasterxml.jackson.databind.ser.std.MapSerializer.serializeWithoutTypeInfo(MapSerializer.java:764)
at com.fasterxml.jackson.databind.ser.std.MapSerializer.serialize(MapSerializer.java:720)
at com.fasterxml.jackson.databind.ser.std.MapSerializer.serialize(MapSerializer.java:35)
at com.fasterxml.jackson.databind.ser.std.MapSerializer.serializeFields(MapSerializer.java:808)
at com.fasterxml.jackson.databind.ser.std.MapSerializer.serializeWithoutTypeInfo(MapSerializer.java:764)
at com.fasterxml.jackson.databind.ser.std.MapSerializer.serialize(MapSerializer.java:720)
at com.fasterxml.jackson.databind.ser.std.MapSerializer.serialize(MapSerializer.java:35)
at com.fasterxml.jackson.databind.ser.std.MapSerializer.serializeFields(MapSerializer.java:808)
at com.fasterxml.jackson.databind.ser.std.MapSerializer.serializeWithoutTypeInfo(MapSerializer.java:764)
at com.fasterxml.jackson.databind.ser.std.MapSerializer.serialize(MapSerializer.java:720)
at com.fasterxml.jackson.databind.ser.std.MapSerializer.serialize(MapSerializer.java:35)
at com.fasterxml.jackson.databind.ser.std.MapSerializer.serializeFields(MapSerializer.java:808)
at com.fasterxml.jackson.databind.ser.std.MapSerializer.serializeWithoutTypeInfo(MapSerializer.java:764)
at com.fasterxml.jackson.databind.ser.std.MapSerializer.serialize(MapSerializer.java:720)
at com.fasterxml.jackson.databind.ser.std.MapSerializer.serialize(MapSerializer.java:35)
at com.fasterxml.jackson.databind.ser.std.MapSerializer.serializeFields(MapSerializer.java:808)
at com.fasterxml.jackson.databind.ser.std.MapSerializer.serializeWithoutTypeInfo(MapSerializer.java:764)
at com.fasterxml.jackson.databind.ser.std.MapSerializer.serialize(MapSerializer.java:720)
at com.fasterxml.jackson.databind.ser.std.MapSerializer.serialize(MapSerializer.java:35)
at com.fasterxml.jackson.databind.ser.std.MapSerializer.serializeFields(MapSerializer.java:808)
at com.fasterxml.jackson.databind.ser.std.MapSerializer.serializeWithoutTypeInfo(MapSerializer.java:764)
at com.fasterxml.jackson.databind.ser.std.MapSerializer.serialize(MapSerializer.java:720)
at com.fasterxml.jackson.databind.ser.std.MapSerializer.serialize(MapSerializer.java:35)
at com.fasterxml.jackson.databind.ser.std.MapSerializer.serializeFields(MapSerializer.java:808)
at com.fasterxml.jackson.databind.ser.std.MapSerializer.serializeWithoutTypeInfo(MapSerializer.java:764)
at com.fasterxml.jackson.databind.ser.std.MapSerializer.serialize(MapSerializer.java:720)
at com.fasterxml.jackson.databind.ser.std.MapSerializer.serialize(MapSerializer.java:35)
at com.fasterxml.jackson.databind.ser.std.MapSerializer.serializeFields(MapSerializer.java:808)
at com.fasterxml.jackson.databind.ser.std.MapSerializer.serializeWithoutTypeInfo(MapSerializer.java:764)
at com.fasterxml.jackson.databind.ser.std.MapSerializer.serialize(MapSerializer.java:720)
at com.fasterxml.jackson.databind.ser.std.MapSerializer.serialize(MapSerializer.java:35)
at com.fasterxml.jackson.databind.ser.std.MapSerializer.serializeFields(MapSerializer.java:808)
at com.fasterxml.jackson.databind.ser.std.MapSerializer.serializeWithoutTypeInfo(MapSerializer.java:764)
at com.fasterxml.jackson.databind.ser.std.MapSerializer.serialize(MapSerializer.java:720)
at com.fasterxml.jackson.databind.ser.std.MapSerializer.serialize(MapSerializer.java:35)
at com.fasterxml.jackson.databind.ser.std.MapSerializer.serializeFields(MapSerializer.java:808)
at com.fasterxml.jackson.databind.ser.std.MapSerializer.serializeWithoutTypeInfo(MapSerializer.java:764)
at com.fasterxml.jackson.databind.ser.std.MapSerializer.serialize(MapSerializer.java:720)
at com.fasterxml.jackson.databind.ser.std.MapSerializer.serialize(MapSerializer.java:35)
at com.fasterxml.jackson.databind.ser.std.MapSerializer.serializeFields(MapSerializer.java:808)
at com.fasterxml.jackson.databind.ser.std.MapSerializer.serializeWithoutTypeInfo(MapSerializer.java:764)
at com.fasterxml.jackson.databind.ser.std.MapSerializer.serialize(MapSerializer.java:720)
at com.fasterxml.jackson.databind.ser.std.MapSerializer.serialize(MapSerializer.java:35)
at com.fasterxml.jackson.databind.ser.std.MapSerializer.serializeFields(MapSerializer.java:808)
at com.fasterxml.jackson.databind.ser.std.MapSerializer.serializeWithoutTypeInfo(MapSerializer.java:764)
at com.fasterxml.jackson.databind.ser.std.MapSerializer.serialize(MapSerializer.java:720)
at com.fasterxml.jackson.databind.ser.std.MapSerializer.serialize(MapSerializer.java:35)
at com.fasterxml.jackson.databind.ser.std.MapSerializer.serializeFields(MapSerializer.java:808)
at com.fasterxml.jackson.databind.ser.std.MapSerializer.serializeWithoutTypeInfo(MapSerializer.java:764)
at com.fasterxml.jackson.databind.ser.std.MapSerializer.serialize(MapSerializer.java:720)
at com.fasterxml.jackson.databind.ser.std.MapSerializer.serialize(MapSerializer.java:35)
at com.fasterxml.jackson.databind.ser.std.MapSerializer.serializeFields(MapSerializer.java:808)
at com.fasterxml.jackson.databind.ser.std.MapSerializer.serializeWithoutTypeInfo(MapSerializer.java:764)
at com.fasterxml.jackson.databind.ser.std.MapSerializer.serialize(MapSerializer.java:720)
at com.fasterxml.jackson.databind.ser.std.MapSerializer.serialize(MapSerializer.java:35)
at com.fasterxml.jackson.databind.ser.std.MapSerializer.serializeFields(MapSerializer.java:808)
at com.fasterxml.jackson.databind.ser.std.MapSerializer.serializeWithoutTypeInfo(MapSerializer.java:764)
at com.fasterxml.jackson.databind.ser.std.MapSerializer.serialize(MapSerializer.java:720)
at com.fasterxml.jackson.databind.ser.std.MapSerializer.serialize(MapSerializer.java:35)
at com.fasterxml.jackson.databind.ser.std.MapSerializer.serializeFields(MapSerializer.java:808)
at com.fasterxml.jackson.databind.ser.std.MapSerializer.serializeWithoutTypeInfo(MapSerializer.java:764)
at com.fasterxml.jackson.databind.ser.std.MapSerializer.serialize(MapSerializer.java:720)
at com.fasterxml.jackson.databind.ser.std.MapSerializer.serialize(MapSerializer.java:35)
at com.fasterxml.jackson.databind.ser.std.MapSerializer.serializeFields(MapSerializer.java:808)
at com.fasterxml.jackson.databind.ser.std.MapSerializer.serializeWithoutTypeInfo(MapSerializer.java:764)
at com.fasterxml.jackson.databind.ser.std.MapSerializer.serialize(MapSerializer.java:720)
at com.fasterxml.jackson.databind.ser.std.MapSerializer.serialize(MapSerializer.java:35)
at com.fasterxml.jackson.databind.ser.std.MapSerializer.serializeFields(MapSerializer.java:808)
at com.fasterxml.jackson.databind.ser.std.MapSerializer.serializeWithoutTypeInfo(MapSerializer.java:764)
at com.fasterxml.jackson.databind.ser.std.MapSerializer.serialize(MapSerializer.java:720)
at com.fasterxml.jackson.databind.ser.std.MapSerializer.serialize(MapSerializer.java:35)
at com.fasterxml.jackson.databind.ser.std.MapSerializer.serializeFields(MapSerializer.java:808)
at com.fasterxml.jackson.databind.ser.std.MapSerializer.serializeWithoutTypeInfo(MapSerializer.java:764)
at com.fasterxml.jackson.databind.ser.std.MapSerializer.serialize(MapSerializer.java:720)
at com.fasterxml.jackson.databind.ser.std.MapSerializer.serialize(MapSerializer.java:35)
at com.fasterxml.jackson.databind.ser.std.MapSerializer.serializeFields(MapSerializer.java:808)
at com.fasterxml.jackson.databind.ser.std.MapSerializer.serializeWithoutTypeInfo(MapSerializer.java:764)
at com.fasterxml.jackson.databind.ser.std.MapSerializer.serialize(MapSerializer.java:720)
at com.fasterxml.jackson.databind.ser.std.MapSerializer.serialize(MapSerializer.java:35)
at com.fasterxml.jackson.databind.ser.std.MapSerializer.serializeFields(MapSerializer.java:808)
at com.fasterxml.jackson.databind.ser.std.MapSerializer.serializeWithoutTypeInfo(MapSerializer.java:764)
at com.fasterxml.jackson.databind.ser.std.MapSerializer.serialize(MapSerializer.java:720)
at com.fasterxml.jackson.databind.ser.std.MapSerializer.serialize(MapSerializer.java:35)
at com.fasterxml.jackson.databind.ser.std.MapSerializer.serializeFields(MapSerializer.java:808)
at com.fasterxml.jackson.databind.ser.std.MapSerializer.serializeWithoutTypeInfo(MapSerializer.java:764)
at com.fasterxml.jackson.databind.ser.std.MapSerializer.serialize(MapSerializer.java:720)
at com.fasterxml.jackson.databind.ser.std.MapSerializer.serialize(MapSerializer.java:35)
at com.fasterxml.jackson.databind.ser.std.MapSerializer.serializeFields(MapSerializer.java:808)
at com.fasterxml.jackson.databind.ser.std.MapSerializer.serializeWithoutTypeInfo(MapSerializer.java:764)
at com.fasterxml.jackson.databind.ser.std.MapSerializer.serialize(MapSerializer.java:720)
at com.fasterxml.jackson.databind.ser.std.MapSerializer.serialize(MapSerializer.java:35)
at com.fasterxml.jackson.databind.ser.std.MapSerializer.serializeFields(MapSerializer.java:808)
at com.fasterxml.jackson.databind.ser.std.MapSerializer.serializeWithoutTypeInfo(MapSerializer.java:764)
at com.fasterxml.jackson.databind.ser.std.MapSerializer.serialize(MapSerializer.java:720)
at com.fasterxml.jackson.databind.ser.std.MapSerializer.serialize(MapSerializer.java:35)
at com.fasterxml.jackson.databind.ser.std.MapSerializer.serializeFields(MapSerializer.java:808)
at com.fasterxml.jackson.databind.ser.std.MapSerializer.serializeWithoutTypeInfo(MapSerializer.java:764)
at com.fasterxml.jackson.databind.ser.std.MapSerializer.serialize(MapSerializer.java:720)
at com.fasterxml.jackson.databind.ser.std.MapSerializer.serialize(MapSerializer.java:35)
at com.fasterxml.jackson.databind.ser.std.MapSerializer.serializeFields(MapSerializer.java:808)
at com.fasterxml.jackson.databind.ser.std.MapSerializer.serializeWithoutTypeInfo(MapSerializer.java:764)
at com.fasterxml.jackson.databind.ser.std.MapSerializer.serialize(MapSerializer.java:720)
at com.fasterxml.jackson.databind.ser.std.MapSerializer.serialize(MapSerializer.java:35)
at com.fasterxml.jackson.databind.ser.std.MapSerializer.serializeFields(MapSerializer.java:808)
at com.fasterxml.jackson.databind.ser.std.MapSerializer.serializeWithoutTypeInfo(MapSerializer.java:764)
at com.fasterxml.jackson.databind.ser.std.MapSerializer.serialize(MapSerializer.java:720)
at com.fasterxml.jackson.databind.ser.std.MapSerializer.serialize(MapSerializer.java:35)
at com.fasterxml.jackson.databind.ser.std.MapSerializer.serializeFields(MapSerializer.java:808)
at com.fasterxml.jackson.databind.ser.std.MapSerializer.serializeWithoutTypeInfo(MapSerializer.java:764)
at com.fasterxml.jackson.databind.ser.std.MapSerializer.serialize(MapSerializer.java:720)
at com.fasterxml.jackson.databind.ser.std.MapSerializer.serialize(MapSerializer.java:35)
at com.fasterxml.jackson.databind.ser.std.MapSerializer.serializeFields(MapSerializer.java:808)
at com.fasterxml.jackson.databind.ser.std.MapSerializer.serializeWithoutTypeInfo(MapSerializer.java:764)
at com.fasterxml.jackson.databind.ser.std.MapSerializer.serialize(MapSerializer.java:720)
at com.fasterxml.jackson.databind.ser.std.MapSerializer.serialize(MapSerializer.java:35)
at com.fasterxml.jackson.databind.ser.std.MapSerializer.serializeFields(MapSerializer.java:808)
at com.fasterxml.jackson.databind.ser.std.MapSerializer.serializeWithoutTypeInfo(MapSerializer.java:764)
at com.fasterxml.jackson.databind.ser.std.MapSerializer.serialize(MapSerializer.java:720)
at com.fasterxml.jackson.databind.ser.std.MapSerializer.serialize(MapSerializer.java:35)
at com.fasterxml.jackson.databind.ser.std.MapSerializer.serializeFields(MapSerializer.java:808)
at com.fasterxml.jackson.databind.ser.std.MapSerializer.serializeWithoutTypeInfo(MapSerializer.java:764)
at com.fasterxml.jackson.databind.ser.std.MapSerializer.serialize(MapSerializer.java:720)
at com.fasterxml.jackson.databind.ser.std.MapSerializer.serialize(MapSerializer.java:35)
at com.fasterxml.jackson.databind.ser.std.MapSerializer.serializeFields(MapSerializer.java:808)
at com.fasterxml.jackson.databind.ser.std.MapSerializer.serializeWithoutTypeInfo(MapSerializer.java:764)
at com.fasterxml.jackson.databind.ser.std.MapSerializer.serialize(MapSerializer.java:720)
at com.fasterxml.jackson.databind.ser.std.MapSerializer.serialize(MapSerializer.java:35)
at com.fasterxml.jackson.databind.ser.std.MapSerializer.serializeFields(MapSerializer.java:808)
at com.fasterxml.jackson.databind.ser.std.MapSerializer.serializeWithoutTypeInfo(MapSerializer.java:764)
at com.fasterxml.jackson.databind.ser.std.MapSerializer.serialize(MapSerializer.java:720)
at com.fasterxml.jackson.databind.ser.std.MapSerializer.serialize(MapSerializer.java:35)
at com.fasterxml.jackson.databind.ser.std.MapSerializer.serializeFields(MapSerializer.java:808)
at com.fasterxml.jackson.databind.ser.std.MapSerializer.serializeWithoutTypeInfo(MapSerializer.java:764)
at com.fasterxml.jackson.databind.ser.std.MapSerializer.serialize(MapSerializer.java:720)
at com.fasterxml.jackson.databind.ser.std.MapSerializer.serialize(MapSerializer.java:35)
at com.fasterxml.jackson.databind.ser.std.MapSerializer.serializeFields(MapSerializer.java:808)
at com.fasterxml.jackson.databind.ser.std.MapSerializer.serializeWithoutTypeInfo(MapSerializer.java:764)
at com.fasterxml.jackson.databind.ser.std.MapSerializer.serialize(MapSerializer.java:720)
at com.fasterxml.jackson.databind.ser.std.MapSerializer.serialize(MapSerializer.java:35)
at com.fasterxml.jackson.databind.ser.std.MapSerializer.serializeFields(MapSerializer.java:808)
at com.fasterxml.jackson.databind.ser.std.MapSerializer.serializeWithoutTypeInfo(MapSerializer.java:764)
at com.fasterxml.jackson.databind.ser.std.MapSerializer.serialize(MapSerializer.java:720)
at com.fasterxml.jackson.databind.ser.std.MapSerializer.serialize(MapSerializer.java:35)
at com.fasterxml.jackson.databind.ser.std.MapSerializer.serializeFields(MapSerializer.java:808)
at com.fasterxml.jackson.databind.ser.std.MapSerializer.serializeWithoutTypeInfo(MapSerializer.java:764)
at com.fasterxml.jackson.databind.ser.std.MapSerializer.serialize(MapSerializer.java:720)
at com.fasterxml.jackson.databind.ser.std.MapSerializer.serialize(MapSerializer.java:35)
at com.fasterxml.jackson.databind.ser.std.MapSerializer.serializeFields(MapSerializer.java:808)
at com.fasterxml.jackson.databind.ser.std.MapSerializer.serializeWithoutTypeInfo(MapSerializer.java:764)
at com.fasterxml.jackson.databind.ser.std.MapSerializer.serialize(MapSerializer.java:720)
at com.fasterxml.jackson.databind.ser.std.MapSerializer.serialize(MapSerializer.java:35)
at com.fasterxml.jackson.databind.ser.std.MapSerializer.serializeFields(MapSerializer.java:808)
at com.fasterxml.jackson.databind.ser.std.MapSerializer.serializeWithoutTypeInfo(MapSerializer.java:764)
at com.fasterxml.jackson.databind.ser.std.MapSerializer.serialize(MapSerializer.java:720)
at com.fasterxml.jackson.databind.ser.std.MapSerializer.serialize(MapSerializer.java:35)
at com.fasterxml.jackson.databind.ser.std.MapSerializer.serializeFields(MapSerializer.java:808)
at com.fasterxml.jackson.databind.ser.std.MapSerializer.serializeWithoutTypeInfo(MapSerializer.java:764)
at com.fasterxml.jackson.databind.ser.std.MapSerializer.serialize(MapSerializer.java:720)
at com.fasterxml.jackson.databind.ser.std.MapSerializer.serialize(MapSerializer.java:35)
at com.fasterxml.jackson.databind.ser.std.MapSerializer.serializeFields(MapSerializer.java:808)
at com.fasterxml.jackson.databind.ser.std.MapSerializer.serializeWithoutTypeInfo(MapSerializer.java:764)
at com.fasterxml.jackson.databind.ser.std.MapSerializer.serialize(MapSerializer.java:720)
at com.fasterxml.jackson.databind.ser.std.MapSerializer.serialize(MapSerializer.java:35)
at com.fasterxml.jackson.databind.ser.std.MapSerializer.serializeFields(MapSerializer.java:808)
at com.fasterxml.jackson.databind.ser.std.MapSerializer.serializeWithoutTypeInfo(MapSerializer.java:764)
at com.fasterxml.jackson.databind.ser.std.MapSerializer.serialize(MapSerializer.java:720)
at com.fasterxml.jackson.databind.ser.std.MapSerializer.serialize(MapSerializer.java:35)
at com.fasterxml.jackson.databind.ser.std.MapSerializer.serializeFields(MapSerializer.java:808)
at com.fasterxml.jackson.databind.ser.std.MapSerializer.serializeWithoutTypeInfo(MapSerializer.java:764)
at com.fasterxml.jackson.databind.ser.std.MapSerializer.serialize(MapSerializer.java:720)
at com.fasterxml.jackson.databind.ser.std.MapSerializer.serialize(MapSerializer.java:35)
at com.fasterxml.jackson.databind.ser.std.MapSerializer.serializeFields(MapSerializer.java:808)
at com.fasterxml.jackson.databind.ser.std.MapSerializer.serializeWithoutTypeInfo(MapSerializer.java:764)
at com.fasterxml.jackson.databind.ser.std.MapSerializer.serialize(MapSerializer.java:720)
at com.fasterxml.jackson.databind.ser.std.MapSerializer.serialize(MapSerializer.java:35)
at com.fasterxml.jackson.databind.ser.std.MapSerializer.serializeFields(MapSerializer.java:808)
at com.fasterxml.jackson.databind.ser.std.MapSerializer.serializeWithoutTypeInfo(MapSerializer.java:764)
at com.fasterxml.jackson.databind.ser.std.MapSerializer.serialize(MapSerializer.java:720)
at com.fasterxml.jackson.databind.ser.std.MapSerializer.serialize(MapSerializer.java:35)
at com.fasterxml.jackson.databind.ser.std.MapSerializer.serializeFields(MapSerializer.java:808)
at com.fasterxml.jackson.databind.ser.std.MapSerializer.serializeWithoutTypeInfo(MapSerializer.java:764)
at com.fasterxml.jackson.databind.ser.std.MapSerializer.serialize(MapSerializer.java:720)
at com.fasterxml.jackson.databind.ser.std.MapSerializer.serialize(MapSerializer.java:35)
at com.fasterxml.jackson.databind.ser.std.MapSerializer.serializeFields(MapSerializer.java:808)
at com.fasterxml.jackson.databind.ser.std.MapSerializer.serializeWithoutTypeInfo(MapSerializer.java:764)
at com.fasterxml.jackson.databind.ser.std.MapSerializer.serialize(MapSerializer.java:720)
at com.fasterxml.jackson.databind.ser.std.MapSerializer.serialize(MapSerializer.java:35)
at com.fasterxml.jackson.databind.ser.std.MapSerializer.serializeFields(MapSerializer.java:808)
at com.fasterxml.jackson.databind.ser.std.MapSerializer.serializeWithoutTypeInfo(MapSerializer.java:764)
at com.fasterxml.jackson.databind.ser.std.MapSerializer.serialize(MapSerializer.java:720)
at com.fasterxml.jackson.databind.ser.std.MapSerializer.serialize(MapSerializer.java:35)
at com.fasterxml.jackson.databind.ser.std.MapSerializer.serializeFields(MapSerializer.java:808)
at com.fasterxml.jackson.databind.ser.std.MapSerializer.serializeWithoutTypeInfo(MapSerializer.java:764)
at com.fasterxml.jackson.databind.ser.std.MapSerializer.serialize(MapSerializer.java:720)
at com.fasterxml.jackson.databind.ser.std.MapSerializer.serialize(MapSerializer.java:35)
at com.fasterxml.jackson.databind.ser.std.MapSerializer.serializeFields(MapSerializer.java:808)
at com.fasterxml.jackson.databind.ser.std.MapSerializer.serializeWithoutTypeInfo(MapSerializer.java:764)
at com.fasterxml.jackson.databind.ser.std.MapSerializer.serialize(MapSerializer.java:720)
at com.fasterxml.jackson.databind.ser.std.MapSerializer.serialize(MapSerializer.java:35)
at com.fasterxml.jackson.databind.ser.std.MapSerializer.serializeFields(MapSerializer.java:808)
at com.fasterxml.jackson.databind.ser.std.MapSerializer.serializeWithoutTypeInfo(MapSerializer.java:764)
at com.fasterxml.jackson.databind.ser.std.MapSerializer.serialize(MapSerializer.java:720)
at com.fasterxml.jackson.databind.ser.std.MapSerializer.serialize(MapSerializer.java:35)
at com.fasterxml.jackson.databind.ser.std.MapSerializer.serializeFields(MapSerializer.java:808)
at com.fasterxml.jackson.databind.ser.std.MapSerializer.serializeWithoutTypeInfo(MapSerializer.java:764)
at com.fasterxml.jackson.databind.ser.std.MapSerializer.serialize(MapSerializer.java:720)
at com.fasterxml.jackson.databind.ser.std.MapSerializer.serialize(MapSerializer.java:35)
at com.fasterxml.jackson.databind.ser.std.MapSerializer.serializeFields(MapSerializer.java:808)
at com.fasterxml.jackson.databind.ser.std.MapSerializer.serializeWithoutTypeInfo(MapSerializer.java:764)
at com.fasterxml.jackson.databind.ser.std.MapSerializer.serialize(MapSerializer.java:720)
at com.fasterxml.jackson.databind.ser.std.MapSerializer.serialize(MapSerializer.java:35)
at com.fasterxml.jackson.databind.ser.std.MapSerializer.serializeFields(MapSerializer.java:808)
at com.fasterxml.jackson.databind.ser.std.MapSerializer.serializeWithoutTypeInfo(MapSerializer.java:764)
at com.fasterxml.jackson.databind.ser.std.MapSerializer.serialize(MapSerializer.java:720)
at com.fasterxml.jackson.databind.ser.std.MapSerializer.serialize(MapSerializer.java:35)
at com.fasterxml.jackson.databind.ser.std.MapSerializer.serializeFields(MapSerializer.java:808)
at com.fasterxml.jackson.databind.ser.std.MapSerializer.serializeWithoutTypeInfo(MapSerializer.java:764)
at com.fasterxml.jackson.databind.ser.std.MapSerializer.serialize(MapSerializer.java:720)
at com.fasterxml.jackson.databind.ser.std.MapSerializer.serialize(MapSerializer.java:35)
at com.fasterxml.jackson.databind.ser.std.MapSerializer.serializeFields(MapSerializer.java:808)
at com.fasterxml.jackson.databind.ser.std.MapSerializer.serializeWithoutTypeInfo(MapSerializer.java:764)
at com.fasterxml.jackson.databind.ser.std.MapSerializer.serialize(MapSerializer.java:720)
at com.fasterxml.jackson.databind.ser.std.MapSerializer.serialize(MapSerializer.java:35)
at com.fasterxml.jackson.databind.ser.std.MapSerializer.serializeFields(MapSerializer.java:808)
at com.fasterxml.jackson.databind.ser.std.MapSerializer.serializeWithoutTypeInfo(MapSerializer.java:764)
at com.fasterxml.jackson.databind.ser.std.MapSerializer.serialize(MapSerializer.java:720)
at com.fasterxml.jackson.databind.ser.std.MapSerializer.serialize(MapSerializer.java:35)
at com.fasterxml.jackson.databind.ser.std.MapSerializer.serializeFields(MapSerializer.java:808)
at com.fasterxml.jackson.databind.ser.std.MapSerializer.serializeWithoutTypeInfo(MapSerializer.java:764)
at com.fasterxml.jackson.databind.ser.std.MapSerializer.serialize(MapSerializer.java:720)
at com.fasterxml.jackson.databind.ser.std.MapSerializer.serialize(MapSerializer.java:35)
at com.fasterxml.jackson.databind.ser.std.MapSerializer.serializeFields(MapSerializer.java:808)
at com.fasterxml.jackson.databind.ser.std.MapSerializer.serializeWithoutTypeInfo(MapSerializer.java:764)
at com.fasterxml.jackson.databind.ser.std.MapSerializer.serialize(MapSerializer.java:720)
at com.fasterxml.jackson.databind.ser.std.MapSerializer.serialize(MapSerializer.java:35)
at com.fasterxml.jackson.databind.ser.std.MapSerializer.serializeFields(MapSerializer.java:808)
at com.fasterxml.jackson.databind.ser.std.MapSerializer.serializeWithoutTypeInfo(MapSerializer.java:764)
at com.fasterxml.jackson.databind.ser.std.MapSerializer.serialize(MapSerializer.java:720)
at com.fasterxml.jackson.databind.ser.std.MapSerializer.serialize(MapSerializer.java:35)
at com.fasterxml.jackson.databind.ser.std.MapSerializer.serializeFields(MapSerializer.java:808)
at com.fasterxml.jackson.databind.ser.std.MapSerializer.serializeWithoutTypeInfo(MapSerializer.java:764)
at com.fasterxml.jackson.databind.ser.std.MapSerializer.serialize(MapSerializer.java:720)
at com.fasterxml.jackson.databind.ser.std.MapSerializer.serialize(MapSerializer.java:35)
at com.fasterxml.jackson.databind.ser.std.MapSerializer.serializeFields(MapSerializer.java:808)
at com.fasterxml.jackson.databind.ser.std.MapSerializer.serializeWithoutTypeInfo(MapSerializer.java:764)
at com.fasterxml.jackson.databind.ser.std.MapSerializer.serialize(MapSerializer.java:720)
at com.fasterxml.jackson.databind.ser.std.MapSerializer.serialize(MapSerializer.java:35)
at com.fasterxml.jackson.databind.ser.std.MapSerializer.serializeFields(MapSerializer.java:808)
at com.fasterxml.jackson.databind.ser.std.MapSerializer.serializeWithoutTypeInfo(MapSerializer.java:764)
at com.fasterxml.jackson.databind.ser.std.MapSerializer.serialize(MapSerializer.java:720)
at com.fasterxml.jackson.databind.ser.std.MapSerializer.serialize(MapSerializer.java:35)
at com.fasterxml.jackson.databind.ser.std.MapSerializer.serializeFields(MapSerializer.java:808)
at com.fasterxml.jackson.databind.ser.std.MapSerializer.serializeWithoutTypeInfo(MapSerializer.java:764)
at com.fasterxml.jackson.databind.ser.std.MapSerializer.serialize(MapSerializer.java:720)
at com.fasterxml.jackson.databind.ser.std.MapSerializer.serialize(MapSerializer.java:35)
at com.fasterxml.jackson.databind.ser.std.MapSerializer.serializeFields(MapSerializer.java:808)
at com.fasterxml.jackson.databind.ser.std.MapSerializer.serializeWithoutTypeInfo(MapSerializer.java:764)
at com.fasterxml.jackson.databind.ser.std.MapSerializer.serialize(MapSerializer.java:720)
at com.fasterxml.jackson.databind.ser.std.MapSerializer.serialize(MapSerializer.java:35)
at com.fasterxml.jackson.databind.ser.std.MapSerializer.serializeFields(MapSerializer.java:808)
at com.fasterxml.jackson.databind.ser.std.MapSerializer.serializeWithoutTypeInfo(MapSerializer.java:764)
at com.fasterxml.jackson.databind.ser.std.MapSerializer.serialize(MapSerializer.java:720)
at com.fasterxml.jackson.databind.ser.std.MapSerializer.serialize(MapSerializer.java:35)
at com.fasterxml.jackson.databind.ser.std.MapSerializer.serializeFields(MapSerializer.java:808)
at com.fasterxml.jackson.databind.ser.std.MapSerializer.serializeWithoutTypeInfo(MapSerializer.java:764)
at com.fasterxml.jackson.databind.ser.std.MapSerializer.serialize(MapSerializer.java:720)
at com.fasterxml.jackson.databind.ser.std.MapSerializer.serialize(MapSerializer.java:35)
at com.fasterxml.jackson.databind.ser.std.MapSerializer.serializeFields(MapSerializer.java:808)
at com.fasterxml.jackson.databind.ser.std.MapSerializer.serializeWithoutTypeInfo(MapSerializer.java:764)
at com.fasterxml.jackson.databind.ser.std.MapSerializer.serialize(MapSerializer.java:720)
at com.fasterxml.jackson.databind.ser.std.MapSerializer.serialize(MapSerializer.java:35)
at com.fasterxml.jackson.databind.ser.std.MapSerializer.serializeFields(MapSerializer.java:808)
at com.fasterxml.jackson.databind.ser.std.MapSerializer.serializeWithoutTypeInfo(MapSerializer.java:764)
at com.fasterxml.jackson.databind.ser.std.MapSerializer.serialize(MapSerializer.java:720)
at com.fasterxml.jackson.databind.ser.std.MapSerializer.serialize(MapSerializer.java:35)
at com.fasterxml.jackson.databind.ser.std.MapSerializer.serializeFields(MapSerializer.java:808)
at com.fasterxml.jackson.databind.ser.std.MapSerializer.serializeWithoutTypeInfo(MapSerializer.java:764)
at com.fasterxml.jackson.databind.ser.std.MapSerializer.serialize(MapSerializer.java:720)
at com.fasterxml.jackson.databind.ser.std.MapSerializer.serialize(MapSerializer.java:35)
at com.fasterxml.jackson.databind.ser.std.MapSerializer.serializeFields(MapSerializer.java:808)
at com.fasterxml.jackson.databind.ser.std.MapSerializer.serializeWithoutTypeInfo(MapSerializer.java:764)
at com.fasterxml.jackson.databind.ser.std.MapSerializer.serialize(MapSerializer.java:720)
at com.fasterxml.jackson.databind.ser.std.MapSerializer.serialize(MapSerializer.java:35)
at com.fasterxml.jackson.databind.ser.std.MapSerializer.serializeFields(MapSerializer.java:808)
at com.fasterxml.jackson.databind.ser.std.MapSerializer.serializeWithoutTypeInfo(MapSerializer.java:764)
at com.fasterxml.jackson.databind.ser.std.MapSerializer.serialize(MapSerializer.java:720)
at com.fasterxml.jackson.databind.ser.std.MapSerializer.serialize(MapSerializer.java:35)
at com.fasterxml.jackson.databind.ser.std.MapSerializer.serializeFields(MapSerializer.java:808)
at com.fasterxml.jackson.databind.ser.std.MapSerializer.serializeWithoutTypeInfo(MapSerializer.java:764)
at com.fasterxml.jackson.databind.ser.std.MapSerializer.serialize(MapSerializer.java:720)
at com.fasterxml.jackson.databind.ser.std.MapSerializer.serialize(MapSerializer.java:35)
at com.fasterxml.jackson.databind.ser.std.MapSerializer.serializeFields(MapSerializer.java:808)
at com.fasterxml.jackson.databind.ser.std.MapSerializer.serializeWithoutTypeInfo(MapSerializer.java:764)
at com.fasterxml.jackson.databind.ser.std.MapSerializer.serialize(MapSerializer.java:720)
at com.fasterxml.jackson.databind.ser.std.MapSerializer.serialize(MapSerializer.java:35)
at com.fasterxml.jackson.databind.ser.std.MapSerializer.serializeFields(MapSerializer.java:808)
at com.fasterxml.jackson.databind.ser.std.MapSerializer.serializeWithoutTypeInfo(MapSerializer.java:764)
at com.fasterxml.jackson.databind.ser.std.MapSerializer.serialize(MapSerializer.java:720)
at com.fasterxml.jackson.databind.ser.std.MapSerializer.serialize(MapSerializer.java:35)
at com.fasterxml.jackson.databind.ser.std.MapSerializer.serializeFields(MapSerializer.java:808)
at com.fasterxml.jackson.databind.ser.std.MapSerializer.serializeWithoutTypeInfo(MapSerializer.java:764)
at com.fasterxml.jackson.databind.ser.std.MapSerializer.serialize(MapSerializer.java:720)
at com.fasterxml.jackson.databind.ser.std.MapSerializer.serialize(MapSerializer.java:35)
at com.fasterxml.jackson.databind.ser.std.MapSerializer.serializeFields(MapSerializer.java:808)
at com.fasterxml.jackson.databind.ser.std.MapSerializer.serializeWithoutTypeInfo(MapSerializer.java:764)
at com.fasterxml.jackson.databind.ser.std.MapSerializer.serialize(MapSerializer.java:720)
at com.fasterxml.jackson.databind.ser.std.MapSerializer.serialize(MapSerializer.java:35)
at com.fasterxml.jackson.databind.ser.std.MapSerializer.serializeFields(MapSerializer.java:808)
at com.fasterxml.jackson.databind.ser.std.MapSerializer.serializeWithoutTypeInfo(MapSerializer.java:764)
at com.fasterxml.jackson.databind.ser.std.MapSerializer.serialize(MapSerializer.java:720)
at com.fasterxml.jackson.databind.ser.std.MapSerializer.serialize(MapSerializer.java:35)
at com.fasterxml.jackson.databind.ser.std.MapSerializer.serializeFields(MapSerializer.java:808)
at com.fasterxml.jackson.databind.ser.std.MapSerializer.serializeWithoutTypeInfo(MapSerializer.java:764)
at com.fasterxml.jackson.databind.ser.std.MapSerializer.serialize(MapSerializer.java:720)
at com.fasterxml.jackson.databind.ser.std.MapSerializer.serialize(MapSerializer.java:35)
at com.fasterxml.jackson.databind.ser.std.MapSerializer.serializeFields(MapSerializer.java:808)
at com.fasterxml.jackson.databind.ser.std.MapSerializer.serializeWithoutTypeInfo(MapSerializer.java:764)
at com.fasterxml.jackson.databind.ser.std.MapSerializer.serialize(MapSerializer.java:720)
at com.fasterxml.jackson.databind.ser.std.MapSerializer.serialize(MapSerializer.java:35)
at com.fasterxml.jackson.databind.ser.std.MapSerializer.serializeFields(MapSerializer.java:808)
at com.fasterxml.jackson.databind.ser.std.MapSerializer.serializeWithoutTypeInfo(MapSerializer.java:764)
at com.fasterxml.jackson.databind.ser.std.MapSerializer.serialize(MapSerializer.java:720)
at com.fasterxml.jackson.databind.ser.std.MapSerializer.serialize(MapSerializer.java:35)
at com.fasterxml.jackson.databind.ser.std.MapSerializer.serializeFields(MapSerializer.java:808)
at com.fasterxml.jackson.databind.ser.std.MapSerializer.serializeWithoutTypeInfo(MapSerializer.java:764)
at com.fasterxml.jackson.databind.ser.std.MapSerializer.serialize(MapSerializer.java:720)
at com.fasterxml.jackson.databind.ser.std.MapSerializer.serialize(MapSerializer.java:35)
at com.fasterxml.jackson.databind.ser.std.MapSerializer.serializeFields(MapSerializer.java:808)
at com.fasterxml.jackson.databind.ser.std.MapSerializer.serializeWithoutTypeInfo(MapSerializer.java:764)
]]>
            </full-stacktrace>
          </exception> <!-- java.lang.StackOverflowError -->
          <reporter-output>
          </reporter-output>
        </test-method> <!-- PostRequest -->
      </class> <!-- SendingBodyObject.Post_ComplexJSONRequest -->
    </test> <!-- Default test -->
  </suite> <!-- Default suite -->
</testng-results>
